#
# There is insufficient memory for the Java Runtime Environment to continue.
# Native memory allocation (malloc) failed to allocate 32744 bytes for ChunkPool::allocate
# Possible reasons:
#   The system is out of physical RAM or swap space
#   The process is running with CompressedOops enabled, and the Java Heap may be blocking the growth of the native heap
# Possible solutions:
#   Reduce memory load on the system
#   Increase physical memory or swap space
#   Check if swap backing store is full
#   Decrease Java heap size (-Xmx/-Xms)
#   Decrease number of Java threads
#   Decrease Java thread stack sizes (-Xss)
#   Set larger code cache with -XX:ReservedCodeCacheSize=
#   JVM is running with Unscaled Compressed Oops mode in which the Java heap is
#     placed in the first 4GB address space. The Java Heap base address is the
#     maximum limit for the native heap growth. Please use -XX:HeapBaseMinAddress
#     to set the Java Heap base and to place the Java Heap above 4GB virtual address.
# This output file may be truncated or incomplete.
#
#  Out of Memory Error (allocation.cpp:272), pid=9568, tid=0x0000000000005584
#
# JRE version: Java(TM) SE Runtime Environment (8.0_202-b08) (build 1.8.0_202-b08)
# Java VM: Java HotSpot(TM) 64-Bit Server VM (25.202-b08 mixed mode windows-amd64 compressed oops)
# Failed to write core dump. Minidumps are not enabled by default on client versions of Windows
#

---------------  T H R E A D  ---------------

Current thread (0x000000001f14f800):  JavaThread "http-nio-8080-exec-1" daemon [_thread_in_vm, id=21892, stack(0x0000000022660000,0x0000000022760000)]

Stack: [0x0000000022660000,0x0000000022760000]
[error occurred during error reporting (printing stack bounds), id 0xc0000005]

Native frames: (J=compiled Java code, j=interpreted, Vv=VM code, C=native code)

Java frames: (J=compiled Java code, j=interpreted, Vv=VM code)
J 796  java.lang.ClassLoader.defineClass1(Ljava/lang/String;[BIILjava/security/ProtectionDomain;Ljava/lang/String;)Ljava/lang/Class; (0 bytes) @ 0x0000000002ef449f [0x0000000002ef4400+0x9f]
J 714 C1 java.lang.ClassLoader.defineClass(Ljava/lang/String;[BIILjava/security/ProtectionDomain;)Ljava/lang/Class; (43 bytes) @ 0x0000000002ed7aa4 [0x0000000002ed74c0+0x5e4]
J 3109 C1 java.security.SecureClassLoader.defineClass(Ljava/lang/String;[BIILjava/security/CodeSource;)Ljava/lang/Class; (16 bytes) @ 0x0000000003717414 [0x00000000037172c0+0x154]
J 2393 C2 java.net.URLClassLoader$1.run()Ljava/lang/Object; (5 bytes) @ 0x00000000036de520 [0x00000000036dcfa0+0x1580]
v  ~StubRoutines::call_stub
J 130  java.security.AccessController.doPrivileged(Ljava/security/PrivilegedExceptionAction;Ljava/security/AccessControlContext;)Ljava/lang/Object; (0 bytes) @ 0x0000000002d3e226 [0x0000000002d3e1c0+0x66]
J 1437 C2 java.lang.ClassLoader.loadClass(Ljava/lang/String;Z)Ljava/lang/Class; (122 bytes) @ 0x00000000030c5dfc [0x00000000030c5320+0xadc]
J 2127 C2 java.lang.ClassLoader.loadClass(Ljava/lang/String;)Ljava/lang/Class; (7 bytes) @ 0x0000000003364604 [0x0000000003364480+0x184]
v  ~StubRoutines::call_stub
J 796  java.lang.ClassLoader.defineClass1(Ljava/lang/String;[BIILjava/security/ProtectionDomain;Ljava/lang/String;)Ljava/lang/Class; (0 bytes) @ 0x0000000002ef449f [0x0000000002ef4400+0x9f]
J 714 C1 java.lang.ClassLoader.defineClass(Ljava/lang/String;[BIILjava/security/ProtectionDomain;)Ljava/lang/Class; (43 bytes) @ 0x0000000002ed7aa4 [0x0000000002ed74c0+0x5e4]
J 3109 C1 java.security.SecureClassLoader.defineClass(Ljava/lang/String;[BIILjava/security/CodeSource;)Ljava/lang/Class; (16 bytes) @ 0x0000000003717414 [0x00000000037172c0+0x154]
J 2393 C2 java.net.URLClassLoader$1.run()Ljava/lang/Object; (5 bytes) @ 0x00000000036de520 [0x00000000036dcfa0+0x1580]
v  ~StubRoutines::call_stub
J 130  java.security.AccessController.doPrivileged(Ljava/security/PrivilegedExceptionAction;Ljava/security/AccessControlContext;)Ljava/lang/Object; (0 bytes) @ 0x0000000002d3e226 [0x0000000002d3e1c0+0x66]
J 1437 C2 java.lang.ClassLoader.loadClass(Ljava/lang/String;Z)Ljava/lang/Class; (122 bytes) @ 0x00000000030c5dfc [0x00000000030c5320+0xadc]
J 2127 C2 java.lang.ClassLoader.loadClass(Ljava/lang/String;)Ljava/lang/Class; (7 bytes) @ 0x0000000003364604 [0x0000000003364480+0x184]
v  ~StubRoutines::call_stub
j  com.zaxxer.hikari.pool.ProxyFactory.getProxyResultSet(Lcom/zaxxer/hikari/pool/ProxyConnection;Lcom/zaxxer/hikari/pool/ProxyStatement;Ljava/sql/ResultSet;)Ljava/sql/ResultSet;+0
j  com.zaxxer.hikari.pool.ProxyStatement.getResultSet()Ljava/sql/ResultSet;+42
j  com.zaxxer.hikari.pool.HikariProxyPreparedStatement.getResultSet()Ljava/sql/ResultSet;+1
v  ~StubRoutines::call_stub
J 1612  sun.reflect.NativeMethodAccessorImpl.invoke0(Ljava/lang/reflect/Method;Ljava/lang/Object;[Ljava/lang/Object;)Ljava/lang/Object; (0 bytes) @ 0x000000000313bcbf [0x000000000313bc40+0x7f]
J 1611 C1 sun.reflect.NativeMethodAccessorImpl.invoke(Ljava/lang/Object;[Ljava/lang/Object;)Ljava/lang/Object; (104 bytes) @ 0x0000000003144b24 [0x0000000003143980+0x11a4]
J 3175 C2 java.lang.reflect.Method.invoke(Ljava/lang/Object;[Ljava/lang/Object;)Ljava/lang/Object; (62 bytes) @ 0x0000000003765800 [0x0000000003765760+0xa0]
j  org.apache.ibatis.logging.jdbc.PreparedStatementLogger.invoke(Ljava/lang/Object;Ljava/lang/reflect/Method;[Ljava/lang/Object;)Ljava/lang/Object;+207
j  com.sun.proxy.$Proxy83.getResultSet()Ljava/sql/ResultSet;+9
j  org.apache.ibatis.executor.resultset.DefaultResultSetHandler.getFirstResultSet(Ljava/sql/Statement;)Lorg/apache/ibatis/executor/resultset/ResultSetWrapper;+1
j  org.apache.ibatis.executor.resultset.DefaultResultSetHandler.handleResultSets(Ljava/sql/Statement;)Ljava/util/List;+32
j  org.apache.ibatis.executor.statement.PreparedStatementHandler.query(Ljava/sql/Statement;Lorg/apache/ibatis/session/ResultHandler;)Ljava/util/List;+17
j  org.apache.ibatis.executor.statement.RoutingStatementHandler.query(Ljava/sql/Statement;Lorg/apache/ibatis/session/ResultHandler;)Ljava/util/List;+6
j  org.apache.ibatis.executor.SimpleExecutor.doQuery(Lorg/apache/ibatis/mapping/MappedStatement;Ljava/lang/Object;Lorg/apache/ibatis/session/RowBounds;Lorg/apache/ibatis/session/ResultHandler;Lorg/apache/ibatis/mapping/BoundSql;)Ljava/util/List;+45
j  org.apache.ibatis.executor.BaseExecutor.queryFromDatabase(Lorg/apache/ibatis/mapping/MappedStatement;Ljava/lang/Object;Lorg/apache/ibatis/session/RowBounds;Lorg/apache/ibatis/session/ResultHandler;Lorg/apache/ibatis/cache/CacheKey;Lorg/apache/ibatis/mapping/BoundSql;)Ljava/util/List;+20
j  org.apache.ibatis.executor.BaseExecutor.query(Lorg/apache/ibatis/mapping/MappedStatement;Ljava/lang/Object;Lorg/apache/ibatis/session/RowBounds;Lorg/apache/ibatis/session/ResultHandler;Lorg/apache/ibatis/cache/CacheKey;Lorg/apache/ibatis/mapping/BoundSql;)Ljava/util/List;+119
j  org.apache.ibatis.executor.CachingExecutor.query(Lorg/apache/ibatis/mapping/MappedStatement;Ljava/lang/Object;Lorg/apache/ibatis/session/RowBounds;Lorg/apache/ibatis/session/ResultHandler;Lorg/apache/ibatis/cache/CacheKey;Lorg/apache/ibatis/mapping/BoundSql;)Ljava/util/List;+105
j  com.github.pagehelper.PageInterceptor.intercept(Lorg/apache/ibatis/plugin/Invocation;)Ljava/lang/Object;+519
j  org.apache.ibatis.plugin.Plugin.invoke(Ljava/lang/Object;Ljava/lang/reflect/Method;[Ljava/lang/Object;)Ljava/lang/Object;+51
j  com.sun.proxy.$Proxy81.query(Lorg/apache/ibatis/mapping/MappedStatement;Ljava/lang/Object;Lorg/apache/ibatis/session/RowBounds;Lorg/apache/ibatis/session/ResultHandler;)Ljava/util/List;+29
j  org.apache.ibatis.session.defaults.DefaultSqlSession.selectList(Ljava/lang/String;Ljava/lang/Object;Lorg/apache/ibatis/session/RowBounds;)Ljava/util/List;+25
j  org.apache.ibatis.session.defaults.DefaultSqlSession.selectList(Ljava/lang/String;Ljava/lang/Object;)Ljava/util/List;+6
j  org.apache.ibatis.session.defaults.DefaultSqlSession.selectOne(Ljava/lang/String;Ljava/lang/Object;)Ljava/lang/Object;+3
v  ~StubRoutines::call_stub
J 1612  sun.reflect.NativeMethodAccessorImpl.invoke0(Ljava/lang/reflect/Method;Ljava/lang/Object;[Ljava/lang/Object;)Ljava/lang/Object; (0 bytes) @ 0x000000000313bcbf [0x000000000313bc40+0x7f]
J 1611 C1 sun.reflect.NativeMethodAccessorImpl.invoke(Ljava/lang/Object;[Ljava/lang/Object;)Ljava/lang/Object; (104 bytes) @ 0x0000000003144b24 [0x0000000003143980+0x11a4]
J 3175 C2 java.lang.reflect.Method.invoke(Ljava/lang/Object;[Ljava/lang/Object;)Ljava/lang/Object; (62 bytes) @ 0x0000000003765800 [0x0000000003765760+0xa0]
j  org.mybatis.spring.SqlSessionTemplate$SqlSessionInterceptor.invoke(Ljava/lang/Object;Ljava/lang/reflect/Method;[Ljava/lang/Object;)Ljava/lang/Object;+30
j  com.sun.proxy.$Proxy62.selectOne(Ljava/lang/String;Ljava/lang/Object;)Ljava/lang/Object;+20
j  org.mybatis.spring.SqlSessionTemplate.selectOne(Ljava/lang/String;Ljava/lang/Object;)Ljava/lang/Object;+6
j  org.apache.ibatis.binding.MapperMethod.execute(Lorg/apache/ibatis/session/SqlSession;[Ljava/lang/Object;)Ljava/lang/Object;+257
j  org.apache.ibatis.binding.MapperProxy.invoke(Ljava/lang/Object;Ljava/lang/reflect/Method;[Ljava/lang/Object;)Ljava/lang/Object;+60
j  com.sun.proxy.$Proxy63.selectByPrimaryKey(Ljava/lang/String;)Lcom/chat/pojo/User;+16
j  com.chat.service.UserService.getUser(Ljava/lang/String;)Lcom/chat/pojo/User;+5
j  com.chat.service.UserService$$FastClassBySpringCGLIB$$b80bbac8.invoke(ILjava/lang/Object;[Ljava/lang/Object;)Ljava/lang/Object;+182
j  org.springframework.cglib.proxy.MethodProxy.invoke(Ljava/lang/Object;[Ljava/lang/Object;)Ljava/lang/Object;+19
j  org.springframework.aop.framework.CglibAopProxy$DynamicAdvisedInterceptor.intercept(Ljava/lang/Object;Ljava/lang/reflect/Method;[Ljava/lang/Object;Lorg/springframework/cglib/proxy/MethodProxy;)Ljava/lang/Object;+107
j  com.chat.service.UserService$$EnhancerBySpringCGLIB$$7c808c31.getUser(Ljava/lang/String;)Lcom/chat/pojo/User;+36
j  com.chat.controller.UserController.downloadFile(Ljava/lang/String;Ljavax/servlet/http/HttpServletResponse;)V+5
v  ~StubRoutines::call_stub
J 1612  sun.reflect.NativeMethodAccessorImpl.invoke0(Ljava/lang/reflect/Method;Ljava/lang/Object;[Ljava/lang/Object;)Ljava/lang/Object; (0 bytes) @ 0x000000000313bcbf [0x000000000313bc40+0x7f]
J 1611 C1 sun.reflect.NativeMethodAccessorImpl.invoke(Ljava/lang/Object;[Ljava/lang/Object;)Ljava/lang/Object; (104 bytes) @ 0x0000000003144b24 [0x0000000003143980+0x11a4]
J 3175 C2 java.lang.reflect.Method.invoke(Ljava/lang/Object;[Ljava/lang/Object;)Ljava/lang/Object; (62 bytes) @ 0x0000000003765800 [0x0000000003765760+0xa0]
j  org.springframework.web.method.support.InvocableHandlerMethod.doInvoke([Ljava/lang/Object;)Ljava/lang/Object;+16
j  org.springframework.web.method.support.InvocableHandlerMethod.invokeForRequest(Lorg/springframework/web/context/request/NativeWebRequest;Lorg/springframework/web/method/support/ModelAndViewContainer;[Ljava/lang/Object;)Ljava/lang/Object;+75
j  org.springframework.web.servlet.mvc.method.annotation.ServletInvocableHandlerMethod.invokeAndHandle(Lorg/springframework/web/context/request/ServletWebRequest;Lorg/springframework/web/method/support/ModelAndViewContainer;[Ljava/lang/Object;)V+4
j  org.springframework.web.servlet.mvc.method.annotation.RequestMappingHandlerAdapter.invokeHandlerMethod(Ljavax/servlet/http/HttpServletRequest;Ljavax/servlet/http/HttpServletResponse;Lorg/springframework/web/method/HandlerMethod;)Lorg/springframework/web/servlet/ModelAndView;+276
j  org.springframework.web.servlet.mvc.method.annotation.RequestMappingHandlerAdapter.handleInternal(Ljavax/servlet/http/HttpServletRequest;Ljavax/servlet/http/HttpServletResponse;Lorg/springframework/web/method/HandlerMethod;)Lorg/springframework/web/servlet/ModelAndView;+81
j  org.springframework.web.servlet.mvc.method.AbstractHandlerMethodAdapter.handle(Ljavax/servlet/http/HttpServletRequest;Ljavax/servlet/http/HttpServletResponse;Ljava/lang/Object;)Lorg/springframework/web/servlet/ModelAndView;+7
j  org.springframework.web.servlet.DispatcherServlet.doDispatch(Ljavax/servlet/http/HttpServletRequest;Ljavax/servlet/http/HttpServletResponse;)V+310
j  org.springframework.web.servlet.DispatcherServlet.doService(Ljavax/servlet/http/HttpServletRequest;Ljavax/servlet/http/HttpServletResponse;)V+308
j  org.springframework.web.servlet.FrameworkServlet.processRequest(Ljavax/servlet/http/HttpServletRequest;Ljavax/servlet/http/HttpServletResponse;)V+71
j  org.springframework.web.servlet.FrameworkServlet.doGet(Ljavax/servlet/http/HttpServletRequest;Ljavax/servlet/http/HttpServletResponse;)V+3
j  javax.servlet.http.HttpServlet.service(Ljavax/servlet/http/HttpServletRequest;Ljavax/servlet/http/HttpServletResponse;)V+35
j  org.springframework.web.servlet.FrameworkServlet.service(Ljavax/servlet/http/HttpServletRequest;Ljavax/servlet/http/HttpServletResponse;)V+33
j  javax.servlet.http.HttpServlet.service(Ljavax/servlet/ServletRequest;Ljavax/servlet/ServletResponse;)V+30
j  org.apache.catalina.core.ApplicationFilterChain.internalDoFilter(Ljavax/servlet/ServletRequest;Ljavax/servlet/ServletResponse;)V+304
j  org.apache.catalina.core.ApplicationFilterChain.doFilter(Ljavax/servlet/ServletRequest;Ljavax/servlet/ServletResponse;)V+101
j  org.apache.tomcat.websocket.server.WsFilter.doFilter(Ljavax/servlet/ServletRequest;Ljavax/servlet/ServletResponse;Ljavax/servlet/FilterChain;)V+21
j  org.apache.catalina.core.ApplicationFilterChain.internalDoFilter(Ljavax/servlet/ServletRequest;Ljavax/servlet/ServletResponse;)V+135
j  org.apache.catalina.core.ApplicationFilterChain.doFilter(Ljavax/servlet/ServletRequest;Ljavax/servlet/ServletResponse;)V+101
j  org.springframework.web.filter.RequestContextFilter.doFilterInternal(Ljavax/servlet/http/HttpServletRequest;Ljavax/servlet/http/HttpServletResponse;Ljavax/servlet/FilterChain;)V+21
j  org.springframework.web.filter.OncePerRequestFilter.doFilter(Ljavax/servlet/ServletRequest;Ljavax/servlet/ServletResponse;Ljavax/servlet/FilterChain;)V+111
j  org.apache.catalina.core.ApplicationFilterChain.internalDoFilter(Ljavax/servlet/ServletRequest;Ljavax/servlet/ServletResponse;)V+135
j  org.apache.catalina.core.ApplicationFilterChain.doFilter(Ljavax/servlet/ServletRequest;Ljavax/servlet/ServletResponse;)V+101
j  org.springframework.web.filter.HttpPutFormContentFilter.doFilterInternal(Ljavax/servlet/http/HttpServletRequest;Ljavax/servlet/http/HttpServletResponse;Ljavax/servlet/FilterChain;)V+95
j  org.springframework.web.filter.OncePerRequestFilter.doFilter(Ljavax/servlet/ServletRequest;Ljavax/servlet/ServletResponse;Ljavax/servlet/FilterChain;)V+111
j  org.apache.catalina.core.ApplicationFilterChain.internalDoFilter(Ljavax/servlet/ServletRequest;Ljavax/servlet/ServletResponse;)V+135
j  org.apache.catalina.core.ApplicationFilterChain.doFilter(Ljavax/servlet/ServletRequest;Ljavax/servlet/ServletResponse;)V+101
j  org.springframework.web.filter.HiddenHttpMethodFilter.doFilterInternal(Ljavax/servlet/http/HttpServletRequest;Ljavax/servlet/http/HttpServletResponse;Ljavax/servlet/FilterChain;)V+87
j  org.springframework.web.filter.OncePerRequestFilter.doFilter(Ljavax/servlet/ServletRequest;Ljavax/servlet/ServletResponse;Ljavax/servlet/FilterChain;)V+111
j  org.apache.catalina.core.ApplicationFilterChain.internalDoFilter(Ljavax/servlet/ServletRequest;Ljavax/servlet/ServletResponse;)V+135
j  org.apache.catalina.core.ApplicationFilterChain.doFilter(Ljavax/servlet/ServletRequest;Ljavax/servlet/ServletResponse;)V+101
j  org.springframework.web.filter.CharacterEncodingFilter.doFilterInternal(Ljavax/servlet/http/HttpServletRequest;Ljavax/servlet/http/HttpServletResponse;Ljavax/servlet/FilterChain;)V+53
j  org.springframework.web.filter.OncePerRequestFilter.doFilter(Ljavax/servlet/ServletRequest;Ljavax/servlet/ServletResponse;Ljavax/servlet/FilterChain;)V+111
j  org.apache.catalina.core.ApplicationFilterChain.internalDoFilter(Ljavax/servlet/ServletRequest;Ljavax/servlet/ServletResponse;)V+135
j  org.apache.catalina.core.ApplicationFilterChain.doFilter(Ljavax/servlet/ServletRequest;Ljavax/servlet/ServletResponse;)V+101
j  org.apache.catalina.core.StandardWrapperValve.invoke(Lorg/apache/catalina/connector/Request;Lorg/apache/catalina/connector/Response;)V+688
j  org.apache.catalina.core.StandardContextValve.invoke(Lorg/apache/catalina/connector/Request;Lorg/apache/catalina/connector/Response;)V+166
j  org.apache.catalina.authenticator.AuthenticatorBase.invoke(Lorg/apache/catalina/connector/Request;Lorg/apache/catalina/connector/Response;)V+260
j  org.apache.catalina.core.StandardHostValve.invoke(Lorg/apache/catalina/connector/Request;Lorg/apache/catalina/connector/Response;)V+138
j  org.apache.catalina.valves.ErrorReportValve.invoke(Lorg/apache/catalina/connector/Request;Lorg/apache/catalina/connector/Response;)V+6
j  org.apache.catalina.core.StandardEngineValve.invoke(Lorg/apache/catalina/connector/Request;Lorg/apache/catalina/connector/Response;)V+71
j  org.apache.catalina.connector.CoyoteAdapter.service(Lorg/apache/coyote/Request;Lorg/apache/coyote/Response;)V+199
j  org.apache.coyote.http11.Http11Processor.service(Lorg/apache/tomcat/util/net/SocketWrapperBase;)Lorg/apache/tomcat/util/net/AbstractEndpoint$Handler$SocketState;+806
j  org.apache.coyote.AbstractProcessorLight.process(Lorg/apache/tomcat/util/net/SocketWrapperBase;Lorg/apache/tomcat/util/net/SocketEvent;)Lorg/apache/tomcat/util/net/AbstractEndpoint$Handler$SocketState;+113
j  org.apache.coyote.AbstractProtocol$ConnectionHandler.process(Lorg/apache/tomcat/util/net/SocketWrapperBase;Lorg/apache/tomcat/util/net/SocketEvent;)Lorg/apache/tomcat/util/net/AbstractEndpoint$Handler$SocketState;+414
j  org.apache.tomcat.util.net.NioEndpoint$SocketProcessor.doRun()V+191
j  org.apache.tomcat.util.net.SocketProcessorBase.run()V+21
j  java.util.concurrent.ThreadPoolExecutor.runWorker(Ljava/util/concurrent/ThreadPoolExecutor$Worker;)V+95
j  java.util.concurrent.ThreadPoolExecutor$Worker.run()V+5
j  org.apache.tomcat.util.threads.TaskThread$WrappingRunnable.run()V+4
j  java.lang.Thread.run()V+11
v  ~StubRoutines::call_stub

---------------  P R O C E S S  ---------------

Java Threads: ( => current thread )
  0x000000001e9d7800 JavaThread "HikariPool-1 housekeeper" daemon [_thread_blocked, id=18932, stack(0x0000000023860000,0x0000000023960000)]
  0x000000001e9d0800 JavaThread "DestroyJavaVM" [_thread_blocked, id=2496, stack(0x00000000028d0000,0x00000000029d0000)]
  0x000000001e9d6800 JavaThread "nioEventLoopGroup-4-1" [_thread_in_native, id=24932, stack(0x0000000023760000,0x0000000023860000)]
  0x000000001e9d3800 JavaThread "http-nio-8080-AsyncTimeout" daemon [_thread_blocked, id=29348, stack(0x0000000023460000,0x0000000023560000)]
  0x000000001e9c9000 JavaThread "http-nio-8080-Acceptor-0" daemon [_thread_in_native, id=24852, stack(0x0000000023360000,0x0000000023460000)]
  0x000000001e9cb800 JavaThread "http-nio-8080-ClientPoller-1" daemon [_thread_in_native, id=5772, stack(0x0000000023260000,0x0000000023360000)]
  0x000000001e9cc000 JavaThread "http-nio-8080-ClientPoller-0" daemon [_thread_in_native, id=6616, stack(0x0000000023160000,0x0000000023260000)]
  0x000000001e9d0000 JavaThread "http-nio-8080-exec-10" daemon [_thread_blocked, id=14472, stack(0x0000000023060000,0x0000000023160000)]
  0x000000001e9cf000 JavaThread "http-nio-8080-exec-9" daemon [_thread_blocked, id=19400, stack(0x0000000022f60000,0x0000000023060000)]
  0x000000001e9ca000 JavaThread "http-nio-8080-exec-8" daemon [_thread_blocked, id=7624, stack(0x0000000022e60000,0x0000000022f60000)]
  0x000000001e9ce800 JavaThread "http-nio-8080-exec-7" daemon [_thread_blocked, id=25068, stack(0x0000000022d60000,0x0000000022e60000)]
  0x000000001e9cd800 JavaThread "http-nio-8080-exec-6" daemon [_thread_blocked, id=6472, stack(0x0000000022c60000,0x0000000022d60000)]
  0x000000001e9cd000 JavaThread "http-nio-8080-exec-5" daemon [_thread_blocked, id=23332, stack(0x0000000022b60000,0x0000000022c60000)]
  0x000000001e9ca800 JavaThread "http-nio-8080-exec-4" daemon [_thread_blocked, id=1752, stack(0x0000000022a60000,0x0000000022b60000)]
  0x000000001f153000 JavaThread "http-nio-8080-exec-3" daemon [_thread_blocked, id=29452, stack(0x0000000022960000,0x0000000022a60000)]
  0x000000001f152800 JavaThread "http-nio-8080-exec-2" daemon [_thread_blocked, id=20700, stack(0x0000000022760000,0x0000000022860000)]
=>0x000000001f14f800 JavaThread "http-nio-8080-exec-1" daemon [_thread_in_vm, id=21892, stack(0x0000000022660000,0x0000000022760000)]
  0x000000001f14c800 JavaThread "NioBlockingSelector.BlockPoller-1" daemon [_thread_in_native, id=6824, stack(0x0000000022560000,0x0000000022660000)]
  0x000000001f151800 JavaThread "Abandoned connection cleanup thread" daemon [_thread_blocked, id=3820, stack(0x0000000021e60000,0x0000000021f60000)]
  0x000000001f14d000 JavaThread "container-0" [_thread_blocked, id=6552, stack(0x0000000021d60000,0x0000000021e60000)]
  0x000000001a992000 JavaThread "ContainerBackgroundProcessor[StandardEngine[Tomcat]]" daemon [_thread_blocked, id=9928, stack(0x000000001f5d0000,0x000000001f6d0000)]
  0x0000000019d4b000 JavaThread "Service Thread" daemon [_thread_blocked, id=21152, stack(0x000000001a6e0000,0x000000001a7e0000)]
  0x0000000019ce0000 JavaThread "C1 CompilerThread3" daemon [_thread_blocked, id=20340, stack(0x000000001a5e0000,0x000000001a6e0000)]
  0x0000000019c22000 JavaThread "C2 CompilerThread2" daemon [_thread_in_native, id=13948, stack(0x000000001a4e0000,0x000000001a5e0000)]
  0x0000000019c21800 JavaThread "C2 CompilerThread1" daemon [_thread_in_native, id=13188, stack(0x000000001a3e0000,0x000000001a4e0000)]
  0x0000000019c20800 JavaThread "C2 CompilerThread0" daemon [_thread_in_native, id=15108, stack(0x000000001a2e0000,0x000000001a3e0000)]
  0x0000000019c9d000 JavaThread "Monitor Ctrl-Break" daemon [_thread_in_native, id=24916, stack(0x000000001a1e0000,0x000000001a2e0000)]
  0x0000000019a01800 JavaThread "Attach Listener" daemon [_thread_blocked, id=27476, stack(0x000000001a0d0000,0x000000001a1d0000)]
  0x00000000199ac000 JavaThread "Signal Dispatcher" daemon [_thread_blocked, id=6672, stack(0x0000000019fd0000,0x000000001a0d0000)]
  0x0000000002beb800 JavaThread "Finalizer" daemon [_thread_blocked, id=23512, stack(0x0000000019e70000,0x0000000019f70000)]
  0x0000000019990800 JavaThread "Reference Handler" daemon [_thread_blocked, id=29368, stack(0x0000000019d70000,0x0000000019e70000)]

Other Threads:
  0x0000000017b9a800 VMThread [stack: 0x0000000019870000,0x0000000019970000] [id=25808]
  0x0000000019d67800 WatcherThread [stack: 0x000000001afe0000,0x000000001b0e0000] [id=12820]

VM state:not at safepoint (normal execution)

VM Mutex/Monitor currently owned by a thread: None

heap address: 0x0000000081c00000, size: 2020 MB, Compressed Oops mode: 32-bit
Narrow klass base: 0x0000000000000000, Narrow klass shift: 3
Compressed class space size: 1073741824 Address: 0x0000000100000000

Heap:
 PSYoungGen      total 148480K, used 105686K [0x00000000d5f00000, 0x00000000e0100000, 0x0000000100000000)
  eden space 140288K, 69% used [0x00000000d5f00000,0x00000000dbea8070,0x00000000de800000)
  from space 8192K, 94% used [0x00000000df900000,0x00000000e008d8e8,0x00000000e0100000)
  to   space 12800K, 0% used [0x00000000de800000,0x00000000de800000,0x00000000df480000)
 ParOldGen       total 98816K, used 19038K [0x0000000081c00000, 0x0000000087c80000, 0x00000000d5f00000)
  object space 98816K, 19% used [0x0000000081c00000,0x0000000082e97be0,0x0000000087c80000)
 Metaspace       used 45200K, capacity 46826K, committed 47024K, reserved 1089536K
  class space    used 5747K, capacity 6051K, committed 6064K, reserved 1048576K

Card table byte_map: [0x0000000011fb0000,0x00000000123b0000] byte_map_base: 0x0000000011ba2000

Marking Bits: (ParMarkBitMap*) 0x000000005ca25ce0
 Begin Bits: [0x0000000012e60000, 0x0000000014df0000)
 End Bits:   [0x0000000014df0000, 0x0000000016d80000)

Polling page: 0x00000000007c0000

CodeCache: size=245760Kb used=13757Kb max_used=14375Kb free=232002Kb
 bounds [0x0000000002bf0000, 0x0000000003a30000, 0x0000000011bf0000]
 total_blobs=4282 nmethods=3778 adapters=416
 compilation: enabled

Compilation events (10 events):
Event: 90.121 Thread 0x0000000019ce0000 nmethod 4456 0x0000000002d77410 code [0x0000000002d77660, 0x0000000002d785b8]
Event: 90.121 Thread 0x0000000019ce0000 4454       3       java.util.Calendar::getDisplayName (154 bytes)
Event: 90.123 Thread 0x0000000019ce0000 nmethod 4454 0x000000000333dcd0 code [0x000000000333df40, 0x000000000333ee68]
Event: 90.123 Thread 0x0000000019ce0000 4455       3       java.util.Calendar::checkDisplayNameParams (61 bytes)
Event: 90.123 Thread 0x0000000019ce0000 nmethod 4455 0x0000000002fdea10 code [0x0000000002fdebc0, 0x0000000002fdf158]
Event: 90.126 Thread 0x0000000019c20800 4457       4       java.util.zip.InflaterInputStream::<init> (79 bytes)
Event: 90.130 Thread 0x0000000019c20800 nmethod 4457 0x00000000030b7ed0 code [0x00000000030b8020, 0x00000000030b8358]
Event: 90.139 Thread 0x0000000019c20800 4458       4       java.net.URLStreamHandler::parseURL (1193 bytes)
Event: 90.173 Thread 0x0000000019ce0000 4461       3       com.mysql.jdbc.util.ReadAheadInputStream::checkClosed (18 bytes)
Event: 90.174 Thread 0x0000000019ce0000 nmethod 4461 0x00000000030b7a50 code [0x00000000030b7bc0, 0x00000000030b7e08]

GC Heap History (10 events):
Event: 3.767 GC heap before
{Heap before GC invocations=6 (full 1):
 PSYoungGen      total 71680K, used 66560K [0x00000000d5f00000, 0x00000000daa00000, 0x0000000100000000)
  eden space 66560K, 100% used [0x00000000d5f00000,0x00000000da000000,0x00000000da000000)
  from space 5120K, 0% used [0x00000000da500000,0x00000000da500000,0x00000000daa00000)
  to   space 5120K, 0% used [0x00000000da000000,0x00000000da000000,0x00000000da500000)
 ParOldGen       total 58880K, used 7642K [0x0000000081c00000, 0x0000000085580000, 0x00000000d5f00000)
  object space 58880K, 12% used [0x0000000081c00000,0x0000000082376898,0x0000000085580000)
 Metaspace       used 25951K, capacity 26842K, committed 27184K, reserved 1073152K
  class space    used 3353K, capacity 3549K, committed 3632K, reserved 1048576K
Event: 3.781 GC heap after
Heap after GC invocations=6 (full 1):
 PSYoungGen      total 71680K, used 5092K [0x00000000d5f00000, 0x00000000dd480000, 0x0000000100000000)
  eden space 66560K, 0% used [0x00000000d5f00000,0x00000000d5f00000,0x00000000da000000)
  from space 5120K, 99% used [0x00000000da000000,0x00000000da4f90b8,0x00000000da500000)
  to   space 9216K, 0% used [0x00000000dcb80000,0x00000000dcb80000,0x00000000dd480000)
 ParOldGen       total 58880K, used 9610K [0x0000000081c00000, 0x0000000085580000, 0x00000000d5f00000)
  object space 58880K, 16% used [0x0000000081c00000,0x00000000825629f8,0x0000000085580000)
 Metaspace       used 25951K, capacity 26842K, committed 27184K, reserved 1073152K
  class space    used 3353K, capacity 3549K, committed 3632K, reserved 1048576K
}
Event: 5.542 GC heap before
{Heap before GC invocations=7 (full 1):
 PSYoungGen      total 71680K, used 71652K [0x00000000d5f00000, 0x00000000dd480000, 0x0000000100000000)
  eden space 66560K, 100% used [0x00000000d5f00000,0x00000000da000000,0x00000000da000000)
  from space 5120K, 99% used [0x00000000da000000,0x00000000da4f90b8,0x00000000da500000)
  to   space 9216K, 0% used [0x00000000dcb80000,0x00000000dcb80000,0x00000000dd480000)
 ParOldGen       total 58880K, used 9610K [0x0000000081c00000, 0x0000000085580000, 0x00000000d5f00000)
  object space 58880K, 16% used [0x0000000081c00000,0x00000000825629f8,0x0000000085580000)
 Metaspace       used 29533K, capacity 30822K, committed 31024K, reserved 1077248K
  class space    used 3815K, capacity 4055K, committed 4144K, reserved 1048576K
Event: 5.554 GC heap after
Heap after GC invocations=7 (full 1):
 PSYoungGen      total 107520K, used 8203K [0x00000000d5f00000, 0x00000000dd400000, 0x0000000100000000)
  eden space 98816K, 0% used [0x00000000d5f00000,0x00000000d5f00000,0x00000000dbf80000)
  from space 8704K, 94% used [0x00000000dcb80000,0x00000000dd382ea8,0x00000000dd400000)
  to   space 9728K, 0% used [0x00000000dc100000,0x00000000dc100000,0x00000000dca80000)
 ParOldGen       total 58880K, used 9682K [0x0000000081c00000, 0x0000000085580000, 0x00000000d5f00000)
  object space 58880K, 16% used [0x0000000081c00000,0x0000000082574a08,0x0000000085580000)
 Metaspace       used 29533K, capacity 30822K, committed 31024K, reserved 1077248K
  class space    used 3815K, capacity 4055K, committed 4144K, reserved 1048576K
}
Event: 6.955 GC heap before
{Heap before GC invocations=8 (full 1):
 PSYoungGen      total 107520K, used 74002K [0x00000000d5f00000, 0x00000000dd400000, 0x0000000100000000)
  eden space 98816K, 66% used [0x00000000d5f00000,0x00000000d9f41d00,0x00000000dbf80000)
  from space 8704K, 94% used [0x00000000dcb80000,0x00000000dd382ea8,0x00000000dd400000)
  to   space 9728K, 0% used [0x00000000dc100000,0x00000000dc100000,0x00000000dca80000)
 ParOldGen       total 58880K, used 9682K [0x0000000081c00000, 0x0000000085580000, 0x00000000d5f00000)
  object space 58880K, 16% used [0x0000000081c00000,0x0000000082574a08,0x0000000085580000)
 Metaspace       used 33978K, capacity 35296K, committed 35496K, reserved 1081344K
  class space    used 4369K, capacity 4620K, committed 4656K, reserved 1048576K
Event: 6.972 GC heap after
Heap after GC invocations=8 (full 1):
 PSYoungGen      total 110080K, used 9724K [0x00000000d5f00000, 0x00000000e0600000, 0x0000000100000000)
  eden space 100352K, 0% used [0x00000000d5f00000,0x00000000d5f00000,0x00000000dc100000)
  from space 9728K, 99% used [0x00000000dc100000,0x00000000dca7f318,0x00000000dca80000)
  to   space 13312K, 0% used [0x00000000df900000,0x00000000df900000,0x00000000e0600000)
 ParOldGen       total 58880K, used 14917K [0x0000000081c00000, 0x0000000085580000, 0x00000000d5f00000)
  object space 58880K, 25% used [0x0000000081c00000,0x0000000082a91530,0x0000000085580000)
 Metaspace       used 33978K, capacity 35296K, committed 35496K, reserved 1081344K
  class space    used 4369K, capacity 4620K, committed 4656K, reserved 1048576K
}
Event: 6.972 GC heap before
{Heap before GC invocations=9 (full 2):
 PSYoungGen      total 110080K, used 9724K [0x00000000d5f00000, 0x00000000e0600000, 0x0000000100000000)
  eden space 100352K, 0% used [0x00000000d5f00000,0x00000000d5f00000,0x00000000dc100000)
  from space 9728K, 99% used [0x00000000dc100000,0x00000000dca7f318,0x00000000dca80000)
  to   space 13312K, 0% used [0x00000000df900000,0x00000000df900000,0x00000000e0600000)
 ParOldGen       total 58880K, used 14917K [0x0000000081c00000, 0x0000000085580000, 0x00000000d5f00000)
  object space 58880K, 25% used [0x0000000081c00000,0x0000000082a91530,0x0000000085580000)
 Metaspace       used 33978K, capacity 35296K, committed 35496K, reserved 1081344K
  class space    used 4369K, capacity 4620K, committed 4656K, reserved 1048576K
Event: 7.073 GC heap after
Heap after GC invocations=9 (full 2):
 PSYoungGen      total 110080K, used 0K [0x00000000d5f00000, 0x00000000e0600000, 0x0000000100000000)
  eden space 100352K, 0% used [0x00000000d5f00000,0x00000000d5f00000,0x00000000dc100000)
  from space 9728K, 0% used [0x00000000dc100000,0x00000000dc100000,0x00000000dca80000)
  to   space 13312K, 0% used [0x00000000df900000,0x00000000df900000,0x00000000e0600000)
 ParOldGen       total 98816K, used 19030K [0x0000000081c00000, 0x0000000087c80000, 0x00000000d5f00000)
  object space 98816K, 19% used [0x0000000081c00000,0x0000000082e95be0,0x0000000087c80000)
 Metaspace       used 33978K, capacity 35296K, committed 35496K, reserved 1081344K
  class space    used 4369K, capacity 4620K, committed 4656K, reserved 1048576K
}
Event: 8.595 GC heap before
{Heap before GC invocations=10 (full 2):
 PSYoungGen      total 110080K, used 100352K [0x00000000d5f00000, 0x00000000e0600000, 0x0000000100000000)
  eden space 100352K, 100% used [0x00000000d5f00000,0x00000000dc100000,0x00000000dc100000)
  from space 9728K, 0% used [0x00000000dc100000,0x00000000dc100000,0x00000000dca80000)
  to   space 13312K, 0% used [0x00000000df900000,0x00000000df900000,0x00000000e0600000)
 ParOldGen       total 98816K, used 19030K [0x0000000081c00000, 0x0000000087c80000, 0x00000000d5f00000)
  object space 98816K, 19% used [0x0000000081c00000,0x0000000082e95be0,0x0000000087c80000)
 Metaspace       used 38943K, capacity 40326K, committed 40752K, reserved 1085440K
  class space    used 5038K, capacity 5319K, committed 5424K, reserved 1048576K
Event: 8.604 GC heap after
Heap after GC invocations=10 (full 2):
 PSYoungGen      total 148480K, used 7734K [0x00000000d5f00000, 0x00000000e0100000, 0x0000000100000000)
  eden space 140288K, 0% used [0x00000000d5f00000,0x00000000d5f00000,0x00000000de800000)
  from space 8192K, 94% used [0x00000000df900000,0x00000000e008d8e8,0x00000000e0100000)
  to   space 12800K, 0% used [0x00000000de800000,0x00000000de800000,0x00000000df480000)
 ParOldGen       total 98816K, used 19038K [0x0000000081c00000, 0x0000000087c80000, 0x00000000d5f00000)
  object space 98816K, 19% used [0x0000000081c00000,0x0000000082e97be0,0x0000000087c80000)
 Metaspace       used 38943K, capacity 40326K, committed 40752K, reserved 1085440K
  class space    used 5038K, capacity 5319K, committed 5424K, reserved 1048576K
}

Deoptimization events (10 events):
Event: 9.327 Thread 0x0000000002af6000 Uncommon trap: reason=bimorphic action=maybe_recompile pc=0x00000000033b567c method=java.util.Hashtable.get(Ljava/lang/Object;)Ljava/lang/Object; @ 6
Event: 89.463 Thread 0x000000001f14f800 Uncommon trap: reason=unstable_if action=reinterpret pc=0x0000000002efdf7c method=java.lang.CharacterDataLatin1.isWhitespace(I)Z @ 14
Event: 89.487 Thread 0x000000001f14f800 Uncommon trap: reason=class_check action=maybe_recompile pc=0x0000000003684d14 method=java.util.AbstractList$Itr.hasNext()Z @ 8
Event: 89.501 Thread 0x000000001f14f800 Uncommon trap: reason=class_check action=maybe_recompile pc=0x00000000030593a0 method=java.lang.String.equals(Ljava/lang/Object;)Z @ 8
Event: 89.609 Thread 0x000000001f14f800 Uncommon trap: reason=unstable_if action=reinterpret pc=0x0000000002ef2404 method=sun.nio.cs.UTF_8$Decoder.decode([BII[C)I @ 30
Event: 89.626 Thread 0x000000001f14f800 Uncommon trap: reason=unstable_if action=reinterpret pc=0x00000000037731a8 method=java.util.Properties$LineReader.readLine()I @ 271
Event: 89.626 Thread 0x000000001f14f800 Uncommon trap: reason=unstable_if action=reinterpret pc=0x0000000003723d5c method=java.util.Properties.loadConvert([CII[C)Ljava/lang/String; @ 4
Event: 89.658 Thread 0x000000001f14f800 Uncommon trap: reason=unstable_if action=reinterpret pc=0x0000000002fb1c14 method=java.util.Properties.getProperty(Ljava/lang/String;)Ljava/lang/String; @ 30
Event: 89.773 Thread 0x000000001f14f800 Uncommon trap: reason=unstable_if action=reinterpret pc=0x0000000003895688 method=java.lang.Class.arrayContentsEq([Ljava/lang/Object;[Ljava/lang/Object;)Z @ 1
Event: 89.851 Thread 0x000000001f14f800 Uncommon trap: reason=unstable_if action=reinterpret pc=0x00000000037be0a0 method=java.net.URI.match(CJJ)Z @ 45

Classes redefined (0 events):
No events

Internal exceptions (10 events):
Event: 89.372 Thread 0x000000001f14f800 Exception <a 'java/lang/ClassNotFoundException': org/springframework/web/servlet/theme/FixedThemeResolverCustomizer> (0x00000000da72a4b0) thrown at [C:\re\workspace\8-2-build-windows-amd64-cygwin\jdk8u202\12323\hotspot\src\share\vm\classfile\systemDiction
Event: 89.374 Thread 0x000000001f14f800 Exception <a 'java/lang/ClassNotFoundException': org/springframework/web/servlet/ThemeResolverCustomizer> (0x00000000da742210) thrown at [C:\re\workspace\8-2-build-windows-amd64-cygwin\jdk8u202\12323\hotspot\src\share\vm\classfile\systemDictionary.cpp, li
Event: 89.379 Thread 0x000000001f14f800 Exception <a 'java/lang/ClassNotFoundException': java/lang/ObjectCustomizer> (0x00000000da766378) thrown at [C:\re\workspace\8-2-build-windows-amd64-cygwin\jdk8u202\12323\hotspot\src\share\vm\classfile\systemDictionary.cpp, line 210]
Event: 89.381 Thread 0x000000001f14f800 Exception <a 'java/lang/ClassNotFoundException': org/springframework/web/servlet/view/DefaultRequestToViewNameTranslatorCustomizer> (0x00000000da783f18) thrown at [C:\re\workspace\8-2-build-windows-amd64-cygwin\jdk8u202\12323\hotspot\src\share\vm\classfil
Event: 89.383 Thread 0x000000001f14f800 Exception <a 'java/lang/ClassNotFoundException': org/springframework/web/servlet/RequestToViewNameTranslatorCustomizer> (0x00000000da7ad4f8) thrown at [C:\re\workspace\8-2-build-windows-amd64-cygwin\jdk8u202\12323\hotspot\src\share\vm\classfile\systemDict
Event: 89.389 Thread 0x000000001f14f800 Exception <a 'java/lang/ClassNotFoundException': java/lang/ObjectCustomizer> (0x00000000da7eedd8) thrown at [C:\re\workspace\8-2-build-windows-amd64-cygwin\jdk8u202\12323\hotspot\src\share\vm\classfile\systemDictionary.cpp, line 210]
Event: 89.391 Thread 0x000000001f14f800 Exception <a 'java/lang/ClassNotFoundException': org/springframework/web/servlet/support/AbstractFlashMapManagerCustomizer> (0x00000000da80ac70) thrown at [C:\re\workspace\8-2-build-windows-amd64-cygwin\jdk8u202\12323\hotspot\src\share\vm\classfile\system
Event: 89.393 Thread 0x000000001f14f800 Exception <a 'java/lang/ClassNotFoundException': org/springframework/web/servlet/support/SessionFlashMapManagerCustomizer> (0x00000000da82aa38) thrown at [C:\re\workspace\8-2-build-windows-amd64-cygwin\jdk8u202\12323\hotspot\src\share\vm\classfile\systemD
Event: 89.396 Thread 0x000000001f14f800 Exception <a 'java/lang/ClassNotFoundException': org/springframework/web/servlet/FlashMapManagerCustomizer> (0x00000000da842630) thrown at [C:\re\workspace\8-2-build-windows-amd64-cygwin\jdk8u202\12323\hotspot\src\share\vm\classfile\systemDictionary.cpp, 
Event: 89.773 Thread 0x000000001f14f800 Implicit null exception at 0x00000000038953ea to 0x000000000389565d

Events (10 events):
Event: 90.153 loading class java/sql/Ref
Event: 90.153 loading class java/sql/Ref done
Event: 90.153 loading class java/sql/RowId
Event: 90.153 loading class java/sql/RowId done
Event: 90.171 loading class org/apache/ibatis/executor/statement/StatementUtil
Event: 90.171 loading class org/apache/ibatis/executor/statement/StatementUtil done
Event: 90.178 loading class com/zaxxer/hikari/pool/HikariProxyResultSet
Event: 90.178 loading class com/zaxxer/hikari/pool/HikariProxyResultSet done
Event: 90.179 loading class com/zaxxer/hikari/pool/ProxyResultSet
Event: 90.179 loading class com/zaxxer/hikari/pool/ProxyResultSet done


Dynamic libraries:
0x00007ff757550000 - 0x00007ff757587000 	C:\Program Files\Java\jdk1.8.0_202\bin\java.exe
0x00007ffe3c6c0000 - 0x00007ffe3c8b0000 	C:\WINDOWS\SYSTEM32\ntdll.dll
0x00007ffe3b4f0000 - 0x00007ffe3b5a2000 	C:\WINDOWS\System32\KERNEL32.DLL
0x00007ffe398a0000 - 0x00007ffe39b43000 	C:\WINDOWS\System32\KERNELBASE.dll
0x00007ffe3b090000 - 0x00007ffe3b133000 	C:\WINDOWS\System32\ADVAPI32.dll
0x00007ffe3c300000 - 0x00007ffe3c39e000 	C:\WINDOWS\System32\msvcrt.dll
0x00007ffe3b5d0000 - 0x00007ffe3b667000 	C:\WINDOWS\System32\sechost.dll
0x00007ffe3c1d0000 - 0x00007ffe3c2f0000 	C:\WINDOWS\System32\RPCRT4.dll
0x00007ffe3c3a0000 - 0x00007ffe3c534000 	C:\WINDOWS\System32\USER32.dll
0x00007ffe3a370000 - 0x00007ffe3a391000 	C:\WINDOWS\System32\win32u.dll
0x00007ffe3aac0000 - 0x00007ffe3aae6000 	C:\WINDOWS\System32\GDI32.dll
0x00007ffe396d0000 - 0x00007ffe39864000 	C:\WINDOWS\System32\gdi32full.dll
0x00007ffe3a2d0000 - 0x00007ffe3a36e000 	C:\WINDOWS\System32\msvcp_win.dll
0x00007ffe3a670000 - 0x00007ffe3a76a000 	C:\WINDOWS\System32\ucrtbase.dll
0x00007ffe30310000 - 0x00007ffe30595000 	C:\WINDOWS\WinSxS\amd64_microsoft.windows.common-controls_6595b64144ccf1df_6.0.18362.720_none_e6beb5c51314836b\COMCTL32.dll
0x00007ffe3a780000 - 0x00007ffe3aab6000 	C:\WINDOWS\System32\combase.dll
0x00007ffe39650000 - 0x00007ffe396d0000 	C:\WINDOWS\System32\bcryptPrimitives.dll
0x00007ffe3b1b0000 - 0x00007ffe3b1de000 	C:\WINDOWS\System32\IMM32.DLL
0x000000005cab0000 - 0x000000005cb82000 	C:\Program Files\Java\jdk1.8.0_202\jre\bin\msvcr100.dll
0x000000005c200000 - 0x000000005caa5000 	C:\Program Files\Java\jdk1.8.0_202\jre\bin\server\jvm.dll
0x00007ffe3c2f0000 - 0x00007ffe3c2f8000 	C:\WINDOWS\System32\PSAPI.DLL
0x00007ffe2ccd0000 - 0x00007ffe2ccd9000 	C:\WINDOWS\SYSTEM32\WSOCK32.dll
0x00007ffe30d80000 - 0x00007ffe30da4000 	C:\WINDOWS\SYSTEM32\WINMM.dll
0x00007ffe30670000 - 0x00007ffe3067a000 	C:\WINDOWS\SYSTEM32\VERSION.dll
0x00007ffe3b140000 - 0x00007ffe3b1af000 	C:\WINDOWS\System32\WS2_32.dll
0x00007ffe30b40000 - 0x00007ffe30b6d000 	C:\WINDOWS\SYSTEM32\winmmbase.dll
0x00007ffe3a570000 - 0x00007ffe3a5ba000 	C:\WINDOWS\System32\cfgmgr32.dll
0x00007ffe35240000 - 0x00007ffe3524f000 	C:\Program Files\Java\jdk1.8.0_202\jre\bin\verify.dll
0x00007ffe31800000 - 0x00007ffe31829000 	C:\Program Files\Java\jdk1.8.0_202\jre\bin\java.dll
0x00007ffe2f350000 - 0x00007ffe2f373000 	C:\Program Files\Java\jdk1.8.0_202\jre\bin\instrument.dll
0x00007ffe31320000 - 0x00007ffe31336000 	C:\Program Files\Java\jdk1.8.0_202\jre\bin\zip.dll
0x00007ffe3bae0000 - 0x00007ffe3c1c5000 	C:\WINDOWS\System32\SHELL32.dll
0x00007ffe3aba0000 - 0x00007ffe3ac49000 	C:\WINDOWS\System32\shcore.dll
0x00007ffe39b50000 - 0x00007ffe3a2d0000 	C:\WINDOWS\System32\windows.storage.dll
0x00007ffe39600000 - 0x00007ffe39623000 	C:\WINDOWS\System32\profapi.dll
0x00007ffe39590000 - 0x00007ffe395da000 	C:\WINDOWS\System32\powrprof.dll
0x00007ffe39580000 - 0x00007ffe39590000 	C:\WINDOWS\System32\UMPDC.dll
0x00007ffe3b030000 - 0x00007ffe3b082000 	C:\WINDOWS\System32\shlwapi.dll
0x00007ffe395e0000 - 0x00007ffe395f1000 	C:\WINDOWS\System32\kernel.appcore.dll
0x00007ffe3a3a0000 - 0x00007ffe3a3b7000 	C:\WINDOWS\System32\cryptsp.dll
0x00007ffe2f4b0000 - 0x00007ffe2f4ca000 	G:\IntelliJ IDEA Community Edition 2019.1.3\bin\breakgen64.dll
0x00007ffe2c910000 - 0x00007ffe2c92a000 	C:\Program Files\Java\jdk1.8.0_202\jre\bin\net.dll
0x00007ffe30760000 - 0x00007ffe30935000 	C:\WINDOWS\SYSTEM32\urlmon.dll
0x00007ffe2b6d0000 - 0x00007ffe2b976000 	C:\WINDOWS\SYSTEM32\iertutil.dll
0x00007ffe38fc0000 - 0x00007ffe38fcc000 	C:\WINDOWS\SYSTEM32\CRYPTBASE.DLL
0x00007ffe38df0000 - 0x00007ffe38e57000 	C:\WINDOWS\system32\mswsock.dll
0x00007ffe340c0000 - 0x00007ffe340cd000 	C:\Program Files\Java\jdk1.8.0_202\jre\bin\management.dll
0x00007ffe2b0c0000 - 0x00007ffe2b0d6000 	C:\WINDOWS\system32\napinsp.dll
0x00007ffe2b160000 - 0x00007ffe2b17a000 	C:\WINDOWS\system32\pnrpnsp.dll
0x00007ffe38b40000 - 0x00007ffe38c0a000 	C:\WINDOWS\SYSTEM32\DNSAPI.dll
0x00007ffe3ae60000 - 0x00007ffe3ae68000 	C:\WINDOWS\System32\NSI.dll
0x00007ffe38b00000 - 0x00007ffe38b3a000 	C:\WINDOWS\SYSTEM32\IPHLPAPI.DLL
0x00007ffe2b0b0000 - 0x00007ffe2b0be000 	C:\WINDOWS\System32\winrnr.dll
0x00007ffe33e60000 - 0x00007ffe33e7c000 	C:\WINDOWS\system32\NLAapi.dll
0x00007ffe2afe0000 - 0x00007ffe2aff5000 	C:\WINDOWS\system32\wshbth.dll
0x00007ffe2fed0000 - 0x00007ffe2feda000 	C:\Windows\System32\rasadhlp.dll
0x00007ffe32400000 - 0x00007ffe32477000 	C:\WINDOWS\System32\fwpuclnt.dll
0x00007ffe39870000 - 0x00007ffe39896000 	C:\WINDOWS\System32\bcrypt.dll
0x00007ffe24ff0000 - 0x00007ffe25002000 	C:\Program Files\Java\jdk1.8.0_202\jre\bin\nio.dll
0x00007ffe38900000 - 0x00007ffe38933000 	C:\WINDOWS\system32\rsaenh.dll
0x00007ffe394a0000 - 0x00007ffe394c5000 	C:\WINDOWS\SYSTEM32\USERENV.dll
0x00007ffe32750000 - 0x00007ffe32766000 	C:\WINDOWS\SYSTEM32\dhcpcsvc6.DLL
0x00007ffe32e50000 - 0x00007ffe32e6c000 	C:\WINDOWS\SYSTEM32\dhcpcsvc.DLL

VM Arguments:
jvm_args: -javaagent:G:\IntelliJ IDEA Community Edition 2019.1.3\lib\idea_rt.jar=61244:G:\IntelliJ IDEA Community Edition 2019.1.3\bin -Dfile.encoding=UTF-8 
java_command: com.chat.ChatApplication
java_class_path (initial): C:\Program Files\Java\jdk1.8.0_202\jre\lib\charsets.jar;C:\Program Files\Java\jdk1.8.0_202\jre\lib\deploy.jar;C:\Program Files\Java\jdk1.8.0_202\jre\lib\ext\access-bridge-64.jar;C:\Program Files\Java\jdk1.8.0_202\jre\lib\ext\cldrdata.jar;C:\Program Files\Java\jdk1.8.0_202\jre\lib\ext\dnsns.jar;C:\Program Files\Java\jdk1.8.0_202\jre\lib\ext\jaccess.jar;C:\Program Files\Java\jdk1.8.0_202\jre\lib\ext\jfxrt.jar;C:\Program Files\Java\jdk1.8.0_202\jre\lib\ext\localedata.jar;C:\Program Files\Java\jdk1.8.0_202\jre\lib\ext\nashorn.jar;C:\Program Files\Java\jdk1.8.0_202\jre\lib\ext\sunec.jar;C:\Program Files\Java\jdk1.8.0_202\jre\lib\ext\sunjce_provider.jar;C:\Program Files\Java\jdk1.8.0_202\jre\lib\ext\sunmscapi.jar;C:\Program Files\Java\jdk1.8.0_202\jre\lib\ext\sunpkcs11.jar;C:\Program Files\Java\jdk1.8.0_202\jre\lib\ext\zipfs.jar;C:\Program Files\Java\jdk1.8.0_202\jre\lib\javaws.jar;C:\Program Files\Java\jdk1.8.0_202\jre\lib\jce.jar;C:\Program Files\Java\jdk1.8.0_202\jre\lib\jfr.jar;C:\Program Files\Java\jdk1.8.0_202\jre\lib\jfxswt.jar;C:\Program Files\Java\jdk1.8.0_202\jre\lib\jsse.jar;C:\Program Files\Java\jdk1.8.0_202\jre\lib\management-agent.jar;C:\Program Files\Java\jdk1.8.0_202\jre\lib\plugin.jar;C:\Program Files\Java\jdk1.8.0_202\jre\lib\resources.jar;C:\Program Files\Java\jdk1.8.0_202\jre\lib\rt.jar;D:\example\git-example\wechat\chat-server\chat-app\target\classes;C:\Users\dufengyuan\.m2\repository\com\github\pagehelper\pagehelper-spring-boot-starter\1.2.3\pagehelper-spring-boot-starter-1.2.3.jar;C:\Users\dufengyuan\.m2\repository\org\springframework\boot\spring-boot-starter\2.0.5.RELEASE\spring-boot-starter-2.0.5.RELEASE.jar;C:\Users\dufengyuan\.m2\repository\org\springframework\boot\spring-boot\2.0.5.RELEASE\spring-boot-2.0.5.RELEASE.jar;C:\Users\dufengyuan\.m2\repository\org\springframework\boot\spring-boot-autoconfigure\2.0.5.RELEASE\spring-boot-autoconfigure-2.0.5.RELEASE.jar;C:\Users\dufengyuan\.m2\repository\org\springframework\b
Launcher Type: SUN_STANDARD

Environment Variables:
JAVA_HOME=C:\Program Files\Java\jdk1.8.0_202
CLASSPATH=.;C:\Program Files\Java\jdk1.8.0_202\lib\dt.jar;C:\Program Files\Java\jdk1.8.0_202\lib\tools.jar;
PATH=C:\Program Files (x86)\Common Files\Oracle\Java\javapath;C:\Program Files\Java\jdk1.8.0_202\bin;C:\Program Files\Java\jdk1.8.0_202\jre\bin;C:\WINDOWS\system32;C:\WINDOWS;C:\WINDOWS\System32\Wbem;C:\WINDOWS\System32\WindowsPowerShell\v1.0\;C:\WINDOWS\System32\OpenSSH\;C:\Program Files\MySQL\MySQL Utilities 1.6\;G:\Git\cmd;D:\node\;D:\Microsoft VS Code\bin;D:\example\erl10.6\bin;D:\down\ffmpeg\bin;D:\apache-tomcat-7.0.99-windows-x86\apache-tomcat-7.0.99\lib;D:\apache-tomcat-7.0.99-windows-x86\apache-tomcat-7.0.99\bin;C:\Program Files\MySQL\MySQL Shell 8.0\bin\;C:\Users\dufengyuan\AppData\Roaming\npm;%USERPROFILE%\AppData\Local\Microsoft\WindowsApps;
USERNAME=dufengyuan
OS=Windows_NT
PROCESSOR_IDENTIFIER=Intel64 Family 6 Model 142 Stepping 10, GenuineIntel



---------------  S Y S T E M  ---------------

OS: Windows 10.0 , 64 bit Build 18362 (10.0.18362.329)

CPU:total 8 (initial active 8) (4 cores per cpu, 2 threads per core) family 6 model 142 stepping 10, cmov, cx8, fxsr, mmx, sse, sse2, sse3, ssse3, sse4.1, sse4.2, popcnt, avx, avx2, aes, clmul, erms, 3dnowpref, lzcnt, ht, tsc, tscinvbit, bmi1, bmi2, adx

Memory: 4k page, physical 8269544k(1038360k free), swap 16123108k(5188k free)

vm_info: Java HotSpot(TM) 64-Bit Server VM (25.202-b08) for windows-amd64 JRE (1.8.0_202-b08), built on Dec 15 2018 19:54:30 by "java_re" with MS VC++ 10.0 (VS2010)

time: Fri Apr 03 15:24:02 2020
timezone: 中国标准时间
elapsed time: 90 seconds (0d 0h 1m 30s)

