#
# There is insufficient memory for the Java Runtime Environment to continue.
# Native memory allocation (malloc) failed to allocate 32744 bytes for ChunkPool::allocate
# Possible reasons:
#   The system is out of physical RAM or swap space
#   The process is running with CompressedOops enabled, and the Java Heap may be blocking the growth of the native heap
# Possible solutions:
#   Reduce memory load on the system
#   Increase physical memory or swap space
#   Check if swap backing store is full
#   Decrease Java heap size (-Xmx/-Xms)
#   Decrease number of Java threads
#   Decrease Java thread stack sizes (-Xss)
#   Set larger code cache with -XX:ReservedCodeCacheSize=
#   JVM is running with Unscaled Compressed Oops mode in which the Java heap is
#     placed in the first 4GB address space. The Java Heap base address is the
#     maximum limit for the native heap growth. Please use -XX:HeapBaseMinAddress
#     to set the Java Heap base and to place the Java Heap above 4GB virtual address.
# This output file may be truncated or incomplete.
#
#  Out of Memory Error (allocation.cpp:272), pid=23500, tid=0x0000000000005110
#
# JRE version: Java(TM) SE Runtime Environment (8.0_202-b08) (build 1.8.0_202-b08)
# Java VM: Java HotSpot(TM) 64-Bit Server VM (25.202-b08 mixed mode windows-amd64 compressed oops)
# Failed to write core dump. Minidumps are not enabled by default on client versions of Windows
#

---------------  T H R E A D  ---------------

Current thread (0x0000000003566800):  JavaThread "main" [_thread_in_vm, id=20752, stack(0x0000000003270000,0x0000000003370000)]

Stack: [0x0000000003270000,0x0000000003370000]
[error occurred during error reporting (printing stack bounds), id 0xc0000005]

Native frames: (J=compiled Java code, j=interpreted, Vv=VM code, C=native code)

Java frames: (J=compiled Java code, j=interpreted, Vv=VM code)
J 537  java.lang.Throwable.fillInStackTrace(I)Ljava/lang/Throwable; (0 bytes) @ 0x00000000038c993b [0x00000000038c9900+0x3b]
J 3149 C2 java.lang.ClassNotFoundException.<init>(Ljava/lang/String;)V (7 bytes) @ 0x000000000416af60 [0x000000000416aea0+0xc0]
J 1443 C2 java.lang.ClassLoader.loadClass(Ljava/lang/String;Z)Ljava/lang/Class; (122 bytes) @ 0x0000000003b5e534 [0x0000000003b5d440+0x10f4]
J 1955 C2 java.lang.ClassLoader.loadClass(Ljava/lang/String;)Ljava/lang/Class; (7 bytes) @ 0x0000000003e0b034 [0x0000000003e0ae80+0x1b4]
v  ~StubRoutines::call_stub
J 814  java.lang.Class.forName0(Ljava/lang/String;ZLjava/lang/ClassLoader;Ljava/lang/Class;)Ljava/lang/Class; (0 bytes) @ 0x0000000003985a07 [0x0000000003985980+0x87]
J 868 C1 java.lang.Class.forName(Ljava/lang/String;ZLjava/lang/ClassLoader;)Ljava/lang/Class; (53 bytes) @ 0x00000000039a8dac [0x00000000039a8880+0x52c]
J 3300 C1 com.sun.beans.finder.ClassFinder.findClass(Ljava/lang/String;Ljava/lang/ClassLoader;)Ljava/lang/Class; (25 bytes) @ 0x00000000041e9b74 [0x00000000041e9aa0+0xd4]
j  com.sun.beans.finder.InstanceFinder.instantiate(Ljava/lang/Class;Ljava/lang/String;)Ljava/lang/Object;+13
j  com.sun.beans.finder.InstanceFinder.find(Ljava/lang/Class;)Ljava/lang/Object;+34
J 3885 C1 java.beans.Introspector.<init>(Ljava/lang/Class;Ljava/lang/Class;I)V (199 bytes) @ 0x00000000042c1d6c [0x00000000042c16c0+0x6ac]
j  java.beans.Introspector.getBeanInfo(Ljava/lang/Class;)Ljava/beans/BeanInfo;+60
J 3927 C1 org.springframework.beans.CachedIntrospectionResults.getBeanInfo(Ljava/lang/Class;)Ljava/beans/BeanInfo; (64 bytes) @ 0x00000000042d9dc4 [0x00000000042d98e0+0x4e4]
j  org.springframework.beans.CachedIntrospectionResults.<init>(Ljava/lang/Class;)V+52
j  org.springframework.beans.CachedIntrospectionResults.forClass(Ljava/lang/Class;)Lorg/springframework/beans/CachedIntrospectionResults;+43
j  org.springframework.beans.BeanWrapperImpl.getCachedIntrospectionResults()Lorg/springframework/beans/CachedIntrospectionResults;+12
j  org.springframework.beans.BeanWrapperImpl.getPropertyDescriptors()[Ljava/beans/PropertyDescriptor;+1
j  org.springframework.beans.factory.support.AbstractAutowireCapableBeanFactory.filterPropertyDescriptorsForDependencyCheck(Lorg/springframework/beans/BeanWrapper;)[Ljava/beans/PropertyDescriptor;+5
j  org.springframework.beans.factory.support.AbstractAutowireCapableBeanFactory.filterPropertyDescriptorsForDependencyCheck(Lorg/springframework/beans/BeanWrapper;Z)[Ljava/beans/PropertyDescriptor;+25
j  org.springframework.beans.factory.support.AbstractAutowireCapableBeanFactory.populateBean(Ljava/lang/String;Lorg/springframework/beans/factory/support/RootBeanDefinition;Lorg/springframework/beans/BeanWrapper;)V+253
j  org.springframework.beans.factory.support.AbstractAutowireCapableBeanFactory.doCreateBean(Ljava/lang/String;Lorg/springframework/beans/factory/support/RootBeanDefinition;[Ljava/lang/Object;)Ljava/lang/Object;+237
j  org.springframework.beans.factory.support.AbstractAutowireCapableBeanFactory.createBean(Ljava/lang/String;Lorg/springframework/beans/factory/support/RootBeanDefinition;[Ljava/lang/Object;)Ljava/lang/Object;+169
j  org.springframework.beans.factory.support.AbstractBeanFactory.lambda$doGetBean$0(Ljava/lang/String;Lorg/springframework/beans/factory/support/RootBeanDefinition;[Ljava/lang/Object;)Ljava/lang/Object;+4
j  org.springframework.beans.factory.support.AbstractBeanFactory$$Lambda$114.getObject()Ljava/lang/Object;+16
j  org.springframework.beans.factory.support.DefaultSingletonBeanRegistry.getSingleton(Ljava/lang/String;Lorg/springframework/beans/factory/ObjectFactory;)Ljava/lang/Object;+132
J 2300 C1 org.springframework.beans.factory.support.AbstractBeanFactory.doGetBean(Ljava/lang/String;Ljava/lang/Class;[Ljava/lang/Object;Z)Ljava/lang/Object; (819 bytes) @ 0x0000000003e8f65c [0x0000000003e8d4c0+0x219c]
j  org.springframework.beans.factory.support.AbstractBeanFactory.getBean(Ljava/lang/String;)Ljava/lang/Object;+5
j  org.springframework.beans.factory.support.DefaultListableBeanFactory.getBeansOfType(Ljava/lang/Class;ZZ)Ljava/util/Map;+50
j  org.springframework.beans.factory.support.DefaultListableBeanFactory.getBeansOfType(Ljava/lang/Class;)Ljava/util/Map;+4
j  org.springframework.context.support.AbstractApplicationContext.getBeansOfType(Ljava/lang/Class;)Ljava/util/Map;+9
j  org.springframework.beans.factory.BeanFactoryUtils.beansOfTypeIncludingAncestors(Lorg/springframework/beans/factory/ListableBeanFactory;Ljava/lang/Class;)Ljava/util/Map;+18
j  org.springframework.boot.autoconfigure.jackson.JacksonAutoConfiguration$Jackson2ObjectMapperBuilderCustomizerConfiguration$StandardJackson2ObjectMapperBuilderCustomizer.getBeans(Lorg/springframework/beans/factory/ListableBeanFactory;Ljava/lang/Class;)Ljava/util/Collection;+2
j  org.springframework.boot.autoconfigure.jackson.JacksonAutoConfiguration$Jackson2ObjectMapperBuilderCustomizerConfiguration$StandardJackson2ObjectMapperBuilderCustomizer.configureModules(Lorg/springframework/http/converter/json/Jackson2ObjectMapperBuilder;)V+6
j  org.springframework.boot.autoconfigure.jackson.JacksonAutoConfiguration$Jackson2ObjectMapperBuilderCustomizerConfiguration$StandardJackson2ObjectMapperBuilderCustomizer.customize(Lorg/springframework/http/converter/json/Jackson2ObjectMapperBuilder;)V+124
j  org.springframework.boot.autoconfigure.jackson.JacksonAutoConfiguration$JacksonObjectMapperBuilderConfiguration.customize(Lorg/springframework/http/converter/json/Jackson2ObjectMapperBuilder;Ljava/util/List;)V+30
j  org.springframework.boot.autoconfigure.jackson.JacksonAutoConfiguration$JacksonObjectMapperBuilderConfiguration.jacksonObjectMapperBuilder(Ljava/util/List;)Lorg/springframework/http/converter/json/Jackson2ObjectMapperBuilder;+20
j  org.springframework.boot.autoconfigure.jackson.JacksonAutoConfiguration$JacksonObjectMapperBuilderConfiguration$$EnhancerBySpringCGLIB$$a92413ca.CGLIB$jacksonObjectMapperBuilder$0(Ljava/util/List;)Lorg/springframework/http/converter/json/Jackson2ObjectMapperBuilder;+2
j  org.springframework.boot.autoconfigure.jackson.JacksonAutoConfiguration$JacksonObjectMapperBuilderConfiguration$$EnhancerBySpringCGLIB$$a92413ca$$FastClassBySpringCGLIB$$9149c36e.invoke(ILjava/lang/Object;[Ljava/lang/Object;)Ljava/lang/Object;+148
j  org.springframework.cglib.proxy.MethodProxy.invokeSuper(Ljava/lang/Object;[Ljava/lang/Object;)Ljava/lang/Object;+19
j  org.springframework.context.annotation.ConfigurationClassEnhancer$BeanMethodInterceptor.intercept(Ljava/lang/Object;Ljava/lang/reflect/Method;[Ljava/lang/Object;Lorg/springframework/cglib/proxy/MethodProxy;)Ljava/lang/Object;+229
j  org.springframework.boot.autoconfigure.jackson.JacksonAutoConfiguration$JacksonObjectMapperBuilderConfiguration$$EnhancerBySpringCGLIB$$a92413ca.jacksonObjectMapperBuilder(Ljava/util/List;)Lorg/springframework/http/converter/json/Jackson2ObjectMapperBuilder;+36
v  ~StubRoutines::call_stub
J 1613  sun.reflect.NativeMethodAccessorImpl.invoke0(Ljava/lang/reflect/Method;Ljava/lang/Object;[Ljava/lang/Object;)Ljava/lang/Object; (0 bytes) @ 0x0000000003bd7d3f [0x0000000003bd7cc0+0x7f]
J 1612 C1 sun.reflect.NativeMethodAccessorImpl.invoke(Ljava/lang/Object;[Ljava/lang/Object;)Ljava/lang/Object; (104 bytes) @ 0x0000000003bd93a4 [0x0000000003bd81c0+0x11e4]
J 3167 C2 java.lang.reflect.Method.invoke(Ljava/lang/Object;[Ljava/lang/Object;)Ljava/lang/Object; (62 bytes) @ 0x000000000416c9d4 [0x000000000416c920+0xb4]
j  org.springframework.beans.factory.support.SimpleInstantiationStrategy.instantiate(Lorg/springframework/beans/factory/support/RootBeanDefinition;Ljava/lang/String;Lorg/springframework/beans/factory/BeanFactory;Ljava/lang/Object;Ljava/lang/reflect/Method;[Ljava/lang/Object;)Ljava/lang/Object;+50
j  org.springframework.beans.factory.support.ConstructorResolver.instantiateUsingFactoryMethod(Ljava/lang/String;Lorg/springframework/beans/factory/support/RootBeanDefinition;[Ljava/lang/Object;)Lorg/springframework/beans/BeanWrapper;+1390
j  org.springframework.beans.factory.support.AbstractAutowireCapableBeanFactory.instantiateUsingFactoryMethod(Ljava/lang/String;Lorg/springframework/beans/factory/support/RootBeanDefinition;[Ljava/lang/Object;)Lorg/springframework/beans/BeanWrapper;+11
j  org.springframework.beans.factory.support.AbstractAutowireCapableBeanFactory.createBeanInstance(Ljava/lang/String;Lorg/springframework/beans/factory/support/RootBeanDefinition;[Ljava/lang/Object;)Lorg/springframework/beans/BeanWrapper;+101
j  org.springframework.beans.factory.support.AbstractAutowireCapableBeanFactory.doCreateBean(Ljava/lang/String;Lorg/springframework/beans/factory/support/RootBeanDefinition;[Ljava/lang/Object;)Ljava/lang/Object;+34
j  org.springframework.beans.factory.support.AbstractAutowireCapableBeanFactory.createBean(Ljava/lang/String;Lorg/springframework/beans/factory/support/RootBeanDefinition;[Ljava/lang/Object;)Ljava/lang/Object;+169
j  org.springframework.beans.factory.support.AbstractBeanFactory.lambda$doGetBean$0(Ljava/lang/String;Lorg/springframework/beans/factory/support/RootBeanDefinition;[Ljava/lang/Object;)Ljava/lang/Object;+4
j  org.springframework.beans.factory.support.AbstractBeanFactory$$Lambda$114.getObject()Ljava/lang/Object;+16
j  org.springframework.beans.factory.support.DefaultSingletonBeanRegistry.getSingleton(Ljava/lang/String;Lorg/springframework/beans/factory/ObjectFactory;)Ljava/lang/Object;+132
J 2300 C1 org.springframework.beans.factory.support.AbstractBeanFactory.doGetBean(Ljava/lang/String;Ljava/lang/Class;[Ljava/lang/Object;Z)Ljava/lang/Object; (819 bytes) @ 0x0000000003e8f65c [0x0000000003e8d4c0+0x219c]
j  org.springframework.beans.factory.support.AbstractBeanFactory.getBean(Ljava/lang/String;)Ljava/lang/Object;+5
j  org.springframework.beans.factory.config.DependencyDescriptor.resolveCandidate(Ljava/lang/String;Ljava/lang/Class;Lorg/springframework/beans/factory/BeanFactory;)Ljava/lang/Object;+2
j  org.springframework.beans.factory.support.DefaultListableBeanFactory.doResolveDependency(Lorg/springframework/beans/factory/config/DependencyDescriptor;Ljava/lang/String;Ljava/util/Set;Lorg/springframework/beans/TypeConverter;)Ljava/lang/Object;+410
j  org.springframework.beans.factory.support.DefaultListableBeanFactory.resolveDependency(Lorg/springframework/beans/factory/config/DependencyDescriptor;Ljava/lang/String;Ljava/util/Set;Lorg/springframework/beans/TypeConverter;)Ljava/lang/Object;+106
j  org.springframework.beans.factory.support.ConstructorResolver.resolveAutowiredArgument(Lorg/springframework/core/MethodParameter;Ljava/lang/String;Ljava/util/Set;Lorg/springframework/beans/TypeConverter;)Ljava/lang/Object;+75
j  org.springframework.beans.factory.support.ConstructorResolver.createArgumentArray(Ljava/lang/String;Lorg/springframework/beans/factory/support/RootBeanDefinition;Lorg/springframework/beans/factory/config/ConstructorArgumentValues;Lorg/springframework/beans/BeanWrapper;[Ljava/lang/Class;[Ljava/lang/String;Ljava/lang/reflect/Executable;Z)Lorg/springframework/beans/factory/support/ConstructorResolver$ArgumentsHolder;+432
j  org.springframework.beans.factory.support.ConstructorResolver.instantiateUsingFactoryMethod(Ljava/lang/String;Lorg/springframework/beans/factory/support/RootBeanDefinition;[Ljava/lang/Object;)Lorg/springframework/beans/BeanWrapper;+551
j  org.springframework.beans.factory.support.AbstractAutowireCapableBeanFactory.instantiateUsingFactoryMethod(Ljava/lang/String;Lorg/springframework/beans/factory/support/RootBeanDefinition;[Ljava/lang/Object;)Lorg/springframework/beans/BeanWrapper;+11
j  org.springframework.beans.factory.support.AbstractAutowireCapableBeanFactory.createBeanInstance(Ljava/lang/String;Lorg/springframework/beans/factory/support/RootBeanDefinition;[Ljava/lang/Object;)Lorg/springframework/beans/BeanWrapper;+101
j  org.springframework.beans.factory.support.AbstractAutowireCapableBeanFactory.doCreateBean(Ljava/lang/String;Lorg/springframework/beans/factory/support/RootBeanDefinition;[Ljava/lang/Object;)Ljava/lang/Object;+34
j  org.springframework.beans.factory.support.AbstractAutowireCapableBeanFactory.createBean(Ljava/lang/String;Lorg/springframework/beans/factory/support/RootBeanDefinition;[Ljava/lang/Object;)Ljava/lang/Object;+169
j  org.springframework.beans.factory.support.AbstractBeanFactory.lambda$doGetBean$0(Ljava/lang/String;Lorg/springframework/beans/factory/support/RootBeanDefinition;[Ljava/lang/Object;)Ljava/lang/Object;+4
j  org.springframework.beans.factory.support.AbstractBeanFactory$$Lambda$114.getObject()Ljava/lang/Object;+16
j  org.springframework.beans.factory.support.DefaultSingletonBeanRegistry.getSingleton(Ljava/lang/String;Lorg/springframework/beans/factory/ObjectFactory;)Ljava/lang/Object;+132
J 2300 C1 org.springframework.beans.factory.support.AbstractBeanFactory.doGetBean(Ljava/lang/String;Ljava/lang/Class;[Ljava/lang/Object;Z)Ljava/lang/Object; (819 bytes) @ 0x0000000003e8f65c [0x0000000003e8d4c0+0x219c]
j  org.springframework.beans.factory.support.AbstractBeanFactory.getBean(Ljava/lang/String;)Ljava/lang/Object;+5
j  org.springframework.beans.factory.config.DependencyDescriptor.resolveCandidate(Ljava/lang/String;Ljava/lang/Class;Lorg/springframework/beans/factory/BeanFactory;)Ljava/lang/Object;+2
j  org.springframework.beans.factory.support.DefaultListableBeanFactory.doResolveDependency(Lorg/springframework/beans/factory/config/DependencyDescriptor;Ljava/lang/String;Ljava/util/Set;Lorg/springframework/beans/TypeConverter;)Ljava/lang/Object;+410
j  org.springframework.beans.factory.support.DefaultListableBeanFactory.resolveDependency(Lorg/springframework/beans/factory/config/DependencyDescriptor;Ljava/lang/String;Ljava/util/Set;Lorg/springframework/beans/TypeConverter;)Ljava/lang/Object;+106
j  org.springframework.beans.factory.support.ConstructorResolver.resolveAutowiredArgument(Lorg/springframework/core/MethodParameter;Ljava/lang/String;Ljava/util/Set;Lorg/springframework/beans/TypeConverter;)Ljava/lang/Object;+75
j  org.springframework.beans.factory.support.ConstructorResolver.createArgumentArray(Ljava/lang/String;Lorg/springframework/beans/factory/support/RootBeanDefinition;Lorg/springframework/beans/factory/config/ConstructorArgumentValues;Lorg/springframework/beans/BeanWrapper;[Ljava/lang/Class;[Ljava/lang/String;Ljava/lang/reflect/Executable;Z)Lorg/springframework/beans/factory/support/ConstructorResolver$ArgumentsHolder;+432
j  org.springframework.beans.factory.support.ConstructorResolver.instantiateUsingFactoryMethod(Ljava/lang/String;Lorg/springframework/beans/factory/support/RootBeanDefinition;[Ljava/lang/Object;)Lorg/springframework/beans/BeanWrapper;+551
j  org.springframework.beans.factory.support.AbstractAutowireCapableBeanFactory.instantiateUsingFactoryMethod(Ljava/lang/String;Lorg/springframework/beans/factory/support/RootBeanDefinition;[Ljava/lang/Object;)Lorg/springframework/beans/BeanWrapper;+11
j  org.springframework.beans.factory.support.AbstractAutowireCapableBeanFactory.createBeanInstance(Ljava/lang/String;Lorg/springframework/beans/factory/support/RootBeanDefinition;[Ljava/lang/Object;)Lorg/springframework/beans/BeanWrapper;+101
j  org.springframework.beans.factory.support.AbstractAutowireCapableBeanFactory.doCreateBean(Ljava/lang/String;Lorg/springframework/beans/factory/support/RootBeanDefinition;[Ljava/lang/Object;)Ljava/lang/Object;+34
j  org.springframework.beans.factory.support.AbstractAutowireCapableBeanFactory.createBean(Ljava/lang/String;Lorg/springframework/beans/factory/support/RootBeanDefinition;[Ljava/lang/Object;)Ljava/lang/Object;+169
j  org.springframework.beans.factory.support.AbstractBeanFactory.lambda$doGetBean$0(Ljava/lang/String;Lorg/springframework/beans/factory/support/RootBeanDefinition;[Ljava/lang/Object;)Ljava/lang/Object;+4
j  org.springframework.beans.factory.support.AbstractBeanFactory$$Lambda$114.getObject()Ljava/lang/Object;+16
j  org.springframework.beans.factory.support.DefaultSingletonBeanRegistry.getSingleton(Ljava/lang/String;Lorg/springframework/beans/factory/ObjectFactory;)Ljava/lang/Object;+132
J 2300 C1 org.springframework.beans.factory.support.AbstractBeanFactory.doGetBean(Ljava/lang/String;Ljava/lang/Class;[Ljava/lang/Object;Z)Ljava/lang/Object; (819 bytes) @ 0x0000000003e8f65c [0x0000000003e8d4c0+0x219c]
j  org.springframework.beans.factory.support.AbstractBeanFactory.getBean(Ljava/lang/String;)Ljava/lang/Object;+5
j  org.springframework.beans.factory.config.DependencyDescriptor.resolveCandidate(Ljava/lang/String;Ljava/lang/Class;Lorg/springframework/beans/factory/BeanFactory;)Ljava/lang/Object;+2
j  org.springframework.beans.factory.support.DefaultListableBeanFactory.addCandidateEntry(Ljava/util/Map;Ljava/lang/String;Lorg/springframework/beans/factory/config/DependencyDescriptor;Ljava/lang/Class;)V+20
j  org.springframework.beans.factory.support.DefaultListableBeanFactory.findAutowireCandidates(Ljava/lang/String;Ljava/lang/Class;Lorg/springframework/beans/factory/config/DependencyDescriptor;)Ljava/util/Map;+175
j  org.springframework.beans.factory.support.DefaultListableBeanFactory.resolveMultipleBeans(Lorg/springframework/beans/factory/config/DependencyDescriptor;Ljava/lang/String;Ljava/util/Set;Lorg/springframework/beans/TypeConverter;)Ljava/lang/Object;+236
j  org.springframework.beans.factory.support.DefaultListableBeanFactory.doResolveDependency(Lorg/springframework/beans/factory/config/DependencyDescriptor;Ljava/lang/String;Ljava/util/Set;Lorg/springframework/beans/TypeConverter;)Ljava/lang/Object;+179
j  org.springframework.beans.factory.support.DefaultListableBeanFactory$DependencyObjectProvider.getIfAvailable()Ljava/lang/Object;+51
j  org.springframework.boot.autoconfigure.http.HttpMessageConvertersAutoConfiguration.<init>(Lorg/springframework/beans/factory/ObjectProvider;)V+6
j  org.springframework.boot.autoconfigure.http.HttpMessageConvertersAutoConfiguration$$EnhancerBySpringCGLIB$$b5779db4.<init>(Lorg/springframework/beans/factory/ObjectProvider;)V+3
v  ~StubRoutines::call_stub
J 1313  sun.reflect.NativeConstructorAccessorImpl.newInstance0(Ljava/lang/reflect/Constructor;[Ljava/lang/Object;)Ljava/lang/Object; (0 bytes) @ 0x0000000003aa8426 [0x0000000003aa83c0+0x66]
J 1312 C1 sun.reflect.NativeConstructorAccessorImpl.newInstance([Ljava/lang/Object;)Ljava/lang/Object; (89 bytes) @ 0x0000000003ab6c4c [0x0000000003ab5bc0+0x108c]
J 972 C1 sun.reflect.DelegatingConstructorAccessorImpl.newInstance([Ljava/lang/Object;)Ljava/lang/Object; (9 bytes) @ 0x00000000039f499c [0x00000000039f4880+0x11c]
J 966 C1 java.lang.reflect.Constructor.newInstance([Ljava/lang/Object;)Ljava/lang/Object; (87 bytes) @ 0x00000000039f26b4 [0x00000000039f21c0+0x4f4]
J 2106 C1 org.springframework.beans.BeanUtils.instantiateClass(Ljava/lang/reflect/Constructor;[Ljava/lang/Object;)Ljava/lang/Object; (89 bytes) @ 0x0000000003e00074 [0x0000000003dffde0+0x294]
j  org.springframework.beans.factory.support.SimpleInstantiationStrategy.instantiate(Lorg/springframework/beans/factory/support/RootBeanDefinition;Ljava/lang/String;Lorg/springframework/beans/factory/BeanFactory;Ljava/lang/reflect/Constructor;[Ljava/lang/Object;)Ljava/lang/Object;+33
j  org.springframework.beans.factory.support.ConstructorResolver.autowireConstructor(Ljava/lang/String;Lorg/springframework/beans/factory/support/RootBeanDefinition;[Ljava/lang/reflect/Constructor;[Ljava/lang/Object;)Lorg/springframework/beans/BeanWrapper;+865
j  org.springframework.beans.factory.support.AbstractAutowireCapableBeanFactory.autowireConstructor(Ljava/lang/String;Lorg/springframework/beans/factory/support/RootBeanDefinition;[Ljava/lang/reflect/Constructor;[Ljava/lang/Object;)Lorg/springframework/beans/BeanWrapper;+13
j  org.springframework.beans.factory.support.AbstractAutowireCapableBeanFactory.createBeanInstance(Ljava/lang/String;Lorg/springframework/beans/factory/support/RootBeanDefinition;[Ljava/lang/Object;)Lorg/springframework/beans/BeanWrapper;+221
j  org.springframework.beans.factory.support.AbstractAutowireCapableBeanFactory.doCreateBean(Ljava/lang/String;Lorg/springframework/beans/factory/support/RootBeanDefinition;[Ljava/lang/Object;)Ljava/lang/Object;+34
j  org.springframework.beans.factory.support.AbstractAutowireCapableBeanFactory.createBean(Ljava/lang/String;Lorg/springframework/beans/factory/support/RootBeanDefinition;[Ljava/lang/Object;)Ljava/lang/Object;+169
j  org.springframework.beans.factory.support.AbstractBeanFactory.lambda$doGetBean$0(Ljava/lang/String;Lorg/springframework/beans/factory/support/RootBeanDefinition;[Ljava/lang/Object;)Ljava/lang/Object;+4
j  org.springframework.beans.factory.support.AbstractBeanFactory$$Lambda$114.getObject()Ljava/lang/Object;+16
j  org.springframework.beans.factory.support.DefaultSingletonBeanRegistry.getSingleton(Ljava/lang/String;Lorg/springframework/beans/factory/ObjectFactory;)Ljava/lang/Object;+132
J 2300 C1 org.springframework.beans.factory.support.AbstractBeanFactory.doGetBean(Ljava/lang/String;Ljava/lang/Class;[Ljava/lang/Object;Z)Ljava/lang/Object; (819 bytes) @ 0x0000000003e8f65c [0x0000000003e8d4c0+0x219c]
j  org.springframework.beans.factory.support.AbstractBeanFactory.getBean(Ljava/lang/String;)Ljava/lang/Object;+5
j  org.springframework.beans.factory.support.ConstructorResolver.instantiateUsingFactoryMethod(Ljava/lang/String;Lorg/springframework/beans/factory/support/RootBeanDefinition;[Ljava/lang/Object;)Lorg/springframework/beans/BeanWrapper;+59
j  org.springframework.beans.factory.support.AbstractAutowireCapableBeanFactory.instantiateUsingFactoryMethod(Ljava/lang/String;Lorg/springframework/beans/factory/support/RootBeanDefinition;[Ljava/lang/Object;)Lorg/springframework/beans/BeanWrapper;+11
j  org.springframework.beans.factory.support.AbstractAutowireCapableBeanFactory.createBeanInstance(Ljava/lang/String;Lorg/springframework/beans/factory/support/RootBeanDefinition;[Ljava/lang/Object;)Lorg/springframework/beans/BeanWrapper;+101
j  org.springframework.beans.factory.support.AbstractAutowireCapableBeanFactory.doCreateBean(Ljava/lang/String;Lorg/springframework/beans/factory/support/RootBeanDefinition;[Ljava/lang/Object;)Ljava/lang/Object;+34
j  org.springframework.beans.factory.support.AbstractAutowireCapableBeanFactory.createBean(Ljava/lang/String;Lorg/springframework/beans/factory/support/RootBeanDefinition;[Ljava/lang/Object;)Ljava/lang/Object;+169
j  org.springframework.beans.factory.support.AbstractBeanFactory.lambda$doGetBean$0(Ljava/lang/String;Lorg/springframework/beans/factory/support/RootBeanDefinition;[Ljava/lang/Object;)Ljava/lang/Object;+4
j  org.springframework.beans.factory.support.AbstractBeanFactory$$Lambda$114.getObject()Ljava/lang/Object;+16
j  org.springframework.beans.factory.support.DefaultSingletonBeanRegistry.getSingleton(Ljava/lang/String;Lorg/springframework/beans/factory/ObjectFactory;)Ljava/lang/Object;+132
J 2300 C1 org.springframework.beans.factory.support.AbstractBeanFactory.doGetBean(Ljava/lang/String;Ljava/lang/Class;[Ljava/lang/Object;Z)Ljava/lang/Object; (819 bytes) @ 0x0000000003e8f65c [0x0000000003e8d4c0+0x219c]
j  org.springframework.beans.factory.support.AbstractBeanFactory.getBean(Ljava/lang/String;)Ljava/lang/Object;+5
j  org.springframework.beans.factory.config.DependencyDescriptor.resolveCandidate(Ljava/lang/String;Ljava/lang/Class;Lorg/springframework/beans/factory/BeanFactory;)Ljava/lang/Object;+2
j  org.springframework.beans.factory.support.DefaultListableBeanFactory.doResolveDependency(Lorg/springframework/beans/factory/config/DependencyDescriptor;Ljava/lang/String;Ljava/util/Set;Lorg/springframework/beans/TypeConverter;)Ljava/lang/Object;+410
j  org.springframework.beans.factory.support.DefaultListableBeanFactory$DependencyObjectProvider.getIfAvailable()Ljava/lang/Object;+51
j  org.springframework.beans.factory.ObjectProvider.ifAvailable(Ljava/util/function/Consumer;)V+1
j  org.springframework.boot.autoconfigure.web.servlet.WebMvcAutoConfiguration$WebMvcAutoConfigurationAdapter.configureMessageConverters(Ljava/util/List;)V+10
j  org.springframework.web.servlet.config.annotation.WebMvcConfigurerComposite.configureMessageConverters(Ljava/util/List;)V+31
j  org.springframework.web.servlet.config.annotation.DelegatingWebMvcConfiguration.configureMessageConverters(Ljava/util/List;)V+5
j  org.springframework.web.servlet.config.annotation.WebMvcConfigurationSupport.getMessageConverters()Ljava/util/List;+23
j  org.springframework.web.servlet.config.annotation.WebMvcConfigurationSupport.requestMappingHandlerAdapter()Lorg/springframework/web/servlet/mvc/method/annotation/RequestMappingHandlerAdapter;+15
j  org.springframework.boot.autoconfigure.web.servlet.WebMvcAutoConfiguration$EnableWebMvcConfiguration.requestMappingHandlerAdapter()Lorg/springframework/web/servlet/mvc/method/annotation/RequestMappingHandlerAdapter;+1
j  org.springframework.boot.autoconfigure.web.servlet.WebMvcAutoConfiguration$EnableWebMvcConfiguration$$EnhancerBySpringCGLIB$$63122a0.CGLIB$requestMappingHandlerAdapter$8()Lorg/springframework/web/servlet/mvc/method/annotation/RequestMappingHandlerAdapter;+1
j  org.springframework.boot.autoconfigure.web.servlet.WebMvcAutoConfiguration$EnableWebMvcConfiguration$$EnhancerBySpringCGLIB$$63122a0$$FastClassBySpringCGLIB$$93811aa5.invoke(ILjava/lang/Object;[Ljava/lang/Object;)Ljava/lang/Object;+416
j  org.springframework.cglib.proxy.MethodProxy.invokeSuper(Ljava/lang/Object;[Ljava/lang/Object;)Ljava/lang/Object;+19
j  org.springframework.context.annotation.ConfigurationClassEnhancer$BeanMethodInterceptor.intercept(Ljava/lang/Object;Ljava/lang/reflect/Method;[Ljava/lang/Object;Lorg/springframework/cglib/proxy/MethodProxy;)Ljava/lang/Object;+229
j  org.springframework.boot.autoconfigure.web.servlet.WebMvcAutoConfiguration$EnableWebMvcConfiguration$$EnhancerBySpringCGLIB$$63122a0.requestMappingHandlerAdapter()Lorg/springframework/web/servlet/mvc/method/annotation/RequestMappingHandlerAdapter;+31
v  ~StubRoutines::call_stub
J 1613  sun.reflect.NativeMethodAccessorImpl.invoke0(Ljava/lang/reflect/Method;Ljava/lang/Object;[Ljava/lang/Object;)Ljava/lang/Object; (0 bytes) @ 0x0000000003bd7d3f [0x0000000003bd7cc0+0x7f]
J 1612 C1 sun.reflect.NativeMethodAccessorImpl.invoke(Ljava/lang/Object;[Ljava/lang/Object;)Ljava/lang/Object; (104 bytes) @ 0x0000000003bd93a4 [0x0000000003bd81c0+0x11e4]
J 3167 C2 java.lang.reflect.Method.invoke(Ljava/lang/Object;[Ljava/lang/Object;)Ljava/lang/Object; (62 bytes) @ 0x000000000416c9d4 [0x000000000416c920+0xb4]
j  org.springframework.beans.factory.support.SimpleInstantiationStrategy.instantiate(Lorg/springframework/beans/factory/support/RootBeanDefinition;Ljava/lang/String;Lorg/springframework/beans/factory/BeanFactory;Ljava/lang/Object;Ljava/lang/reflect/Method;[Ljava/lang/Object;)Ljava/lang/Object;+50
j  org.springframework.beans.factory.support.ConstructorResolver.instantiateUsingFactoryMethod(Ljava/lang/String;Lorg/springframework/beans/factory/support/RootBeanDefinition;[Ljava/lang/Object;)Lorg/springframework/beans/BeanWrapper;+1390
j  org.springframework.beans.factory.support.AbstractAutowireCapableBeanFactory.instantiateUsingFactoryMethod(Ljava/lang/String;Lorg/springframework/beans/factory/support/RootBeanDefinition;[Ljava/lang/Object;)Lorg/springframework/beans/BeanWrapper;+11
j  org.springframework.beans.factory.support.AbstractAutowireCapableBeanFactory.createBeanInstance(Ljava/lang/String;Lorg/springframework/beans/factory/support/RootBeanDefinition;[Ljava/lang/Object;)Lorg/springframework/beans/BeanWrapper;+101
j  org.springframework.beans.factory.support.AbstractAutowireCapableBeanFactory.doCreateBean(Ljava/lang/String;Lorg/springframework/beans/factory/support/RootBeanDefinition;[Ljava/lang/Object;)Ljava/lang/Object;+34
j  org.springframework.beans.factory.support.AbstractAutowireCapableBeanFactory.createBean(Ljava/lang/String;Lorg/springframework/beans/factory/support/RootBeanDefinition;[Ljava/lang/Object;)Ljava/lang/Object;+169
j  org.springframework.beans.factory.support.AbstractBeanFactory.lambda$doGetBean$0(Ljava/lang/String;Lorg/springframework/beans/factory/support/RootBeanDefinition;[Ljava/lang/Object;)Ljava/lang/Object;+4
j  org.springframework.beans.factory.support.AbstractBeanFactory$$Lambda$114.getObject()Ljava/lang/Object;+16
j  org.springframework.beans.factory.support.DefaultSingletonBeanRegistry.getSingleton(Ljava/lang/String;Lorg/springframework/beans/factory/ObjectFactory;)Ljava/lang/Object;+132
J 2300 C1 org.springframework.beans.factory.support.AbstractBeanFactory.doGetBean(Ljava/lang/String;Ljava/lang/Class;[Ljava/lang/Object;Z)Ljava/lang/Object; (819 bytes) @ 0x0000000003e8f65c [0x0000000003e8d4c0+0x219c]
j  org.springframework.beans.factory.support.AbstractBeanFactory.getBean(Ljava/lang/String;)Ljava/lang/Object;+5
j  org.springframework.beans.factory.support.DefaultListableBeanFactory.preInstantiateSingletons()V+248
j  org.springframework.context.support.AbstractApplicationContext.finishBeanFactoryInitialization(Lorg/springframework/beans/factory/config/ConfigurableListableBeanFactory;)V+124
j  org.springframework.context.support.AbstractApplicationContext.refresh()V+54
j  org.springframework.boot.web.servlet.context.ServletWebServerApplicationContext.refresh()V+1
j  org.springframework.boot.SpringApplication.refresh(Lorg/springframework/context/ApplicationContext;)V+10
j  org.springframework.boot.SpringApplication.refreshContext(Lorg/springframework/context/ConfigurableApplicationContext;)V+2
j  org.springframework.boot.SpringApplication.run([Ljava/lang/String;)Lorg/springframework/context/ConfigurableApplicationContext;+118
j  org.springframework.boot.SpringApplication.run([Ljava/lang/Class;[Ljava/lang/String;)Lorg/springframework/context/ConfigurableApplicationContext;+9
j  org.springframework.boot.SpringApplication.run(Ljava/lang/Class;[Ljava/lang/String;)Lorg/springframework/context/ConfigurableApplicationContext;+9
j  com.chat.ChatApplication.main([Ljava/lang/String;)V+3
v  ~StubRoutines::call_stub

---------------  P R O C E S S  ---------------

Java Threads: ( => current thread )
  0x000000001a4f6800 JavaThread "Abandoned connection cleanup thread" daemon [_thread_blocked, id=29492, stack(0x00000000235f0000,0x00000000236f0000)]
  0x0000000020243800 JavaThread "container-0" [_thread_blocked, id=28384, stack(0x0000000021220000,0x0000000021320000)]
  0x000000001b3dd000 JavaThread "ContainerBackgroundProcessor[StandardEngine[Tomcat]]" daemon [_thread_blocked, id=28588, stack(0x000000001ee80000,0x000000001ef80000)]
  0x000000001de73000 JavaThread "localhost-startStop-1" daemon [_thread_blocked, id=25416, stack(0x000000001d3a0000,0x000000001d4a0000)]
  0x0000000021c6d800 JavaThread "Tomcat-startStop-1" daemon [_thread_blocked, id=18088, stack(0x000000001cca0000,0x000000001cda0000)]
  0x000000001b227000 JavaThread "Service Thread" daemon [_thread_blocked, id=14284, stack(0x000000001bad0000,0x000000001bbd0000)]
  0x000000001a7b6000 JavaThread "C1 CompilerThread3" daemon [_thread_in_native, id=27780, stack(0x000000001b9d0000,0x000000001bad0000)]
  0x000000001a7ab000 JavaThread "C2 CompilerThread2" daemon [_thread_in_native, id=968, stack(0x000000001b0d0000,0x000000001b1d0000)]
  0x000000001a789000 JavaThread "C2 CompilerThread1" daemon [_thread_in_native, id=16152, stack(0x000000001afd0000,0x000000001b0d0000)]
  0x000000001a784000 JavaThread "C2 CompilerThread0" daemon [_thread_in_native, id=29536, stack(0x000000001aed0000,0x000000001afd0000)]
  0x000000001a47a000 JavaThread "JDWP Command Reader" daemon [_thread_in_native, id=25840, stack(0x000000001add0000,0x000000001aed0000)]
  0x000000001a478000 JavaThread "JDWP Event Helper Thread" daemon [_thread_blocked, id=20796, stack(0x000000001acd0000,0x000000001add0000)]
  0x00000000185eb000 JavaThread "JDWP Transport Listener: dt_socket" daemon [_thread_blocked, id=5364, stack(0x000000001abd0000,0x000000001acd0000)]
  0x000000001a414000 JavaThread "Attach Listener" daemon [_thread_blocked, id=21304, stack(0x000000001aad0000,0x000000001abd0000)]
  0x000000001a470000 JavaThread "Signal Dispatcher" daemon [_thread_blocked, id=14468, stack(0x000000001a9d0000,0x000000001aad0000)]
  0x000000001a3f0800 JavaThread "Finalizer" daemon [_thread_blocked, id=10256, stack(0x000000001a8d0000,0x000000001a9d0000)]
  0x000000000365e000 JavaThread "Reference Handler" daemon [_thread_blocked, id=15420, stack(0x000000001a7d0000,0x000000001a8d0000)]
=>0x0000000003566800 JavaThread "main" [_thread_in_vm, id=20752, stack(0x0000000003270000,0x0000000003370000)]

Other Threads:
  0x00000000185d9800 VMThread [stack: 0x000000001a2d0000,0x000000001a3d0000] [id=4564]
  0x000000001b260800 WatcherThread [stack: 0x000000001bbd0000,0x000000001bcd0000] [id=17992]

VM state:not at safepoint (normal execution)

VM Mutex/Monitor currently owned by a thread: None

heap address: 0x0000000081c00000, size: 2020 MB, Compressed Oops mode: 32-bit
Narrow klass base: 0x0000000000000000, Narrow klass shift: 3
Compressed class space size: 1073741824 Address: 0x0000000100000000

Heap:
 PSYoungGen      total 194048K, used 85090K [0x00000000d5f00000, 0x00000000e4a00000, 0x0000000100000000)
  eden space 181248K, 46% used [0x00000000d5f00000,0x00000000db218a50,0x00000000e1000000)
  from space 12800K, 0% used [0x00000000e1d80000,0x00000000e1d80000,0x00000000e2a00000)
  to   space 13824K, 0% used [0x00000000e1000000,0x00000000e1000000,0x00000000e1d80000)
 ParOldGen       total 86528K, used 17466K [0x0000000081c00000, 0x0000000087080000, 0x00000000d5f00000)
  object space 86528K, 20% used [0x0000000081c00000,0x0000000082d0e940,0x0000000087080000)
 Metaspace       used 38783K, capacity 40196K, committed 40576K, reserved 1085440K
  class space    used 4950K, capacity 5216K, committed 5248K, reserved 1048576K

Card table byte_map: [0x0000000012a20000,0x0000000012e20000] byte_map_base: 0x0000000012612000

Marking Bits: (ParMarkBitMap*) 0x000000005ca25ce0
 Begin Bits: [0x00000000138d0000, 0x0000000015860000)
 End Bits:   [0x0000000015860000, 0x00000000177f0000)

Polling page: 0x0000000002d90000

CodeCache: size=245760Kb used=12839Kb max_used=12841Kb free=232920Kb
 bounds [0x0000000003660000, 0x0000000004300000, 0x0000000012660000]
 total_blobs=3974 nmethods=3532 adapters=362
 compilation: enabled

Compilation events (10 events):
Event: 6.590 Thread 0x000000001a7b6000 nmethod 3971 0x00000000042f2550 code [0x00000000042f26c0, 0x00000000042f28d0]
Event: 6.590 Thread 0x000000001a7b6000 3972       3       java.util.Collections$SingletonList::iterator (8 bytes)
Event: 6.591 Thread 0x000000001a7b6000 nmethod 3972 0x00000000042f2950 code [0x00000000042f2ac0, 0x00000000042f2d90]
Event: 6.592 Thread 0x000000001a7b6000 3973       3       org.springframework.cglib.core.TypeUtils::emulateClassGetName (24 bytes)
Event: 6.593 Thread 0x000000001a7b6000 nmethod 3973 0x00000000042f2ed0 code [0x00000000042f30a0, 0x00000000042f3818]
Event: 6.595 Thread 0x000000001a7b6000 3974       1       java.util.EnumMap::access$600 (5 bytes)
Event: 6.595 Thread 0x000000001a7b6000 nmethod 3974 0x00000000042f3b90 code [0x00000000042f3ce0, 0x00000000042f3dd0]
Event: 6.601 Thread 0x000000001a7b6000 3975       1       org.springframework.core.annotation.AbstractAliasAwareAnnotationAttributeExtractor::getSource (5 bytes)
Event: 6.602 Thread 0x000000001a7b6000 nmethod 3975 0x00000000042f3e50 code [0x00000000042f3fa0, 0x00000000042f40b0]
Event: 6.604 Thread 0x000000001a7b6000 3977       3       org.springframework.asm.ClassWriter::toByteArray (1433 bytes)

GC Heap History (10 events):
Event: 2.095 GC heap before
{Heap before GC invocations=6 (full 1):
 PSYoungGen      total 71680K, used 5104K [0x00000000d5f00000, 0x00000000df100000, 0x0000000100000000)
  eden space 66560K, 0% used [0x00000000d5f00000,0x00000000d5f00000,0x00000000da000000)
  from space 5120K, 99% used [0x00000000da000000,0x00000000da4fc040,0x00000000da500000)
  to   space 8192K, 0% used [0x00000000de900000,0x00000000de900000,0x00000000df100000)
 ParOldGen       total 87552K, used 4793K [0x0000000081c00000, 0x0000000087180000, 0x00000000d5f00000)
  object space 87552K, 5% used [0x0000000081c00000,0x00000000820ae560,0x0000000087180000)
 Metaspace       used 20564K, capacity 21126K, committed 21248K, reserved 1067008K
  class space    used 2654K, capacity 2803K, committed 2816K, reserved 1048576K
Event: 2.129 GC heap after
Heap after GC invocations=6 (full 1):
 PSYoungGen      total 71680K, used 0K [0x00000000d5f00000, 0x00000000df100000, 0x0000000100000000)
  eden space 66560K, 0% used [0x00000000d5f00000,0x00000000d5f00000,0x00000000da000000)
  from space 5120K, 0% used [0x00000000da000000,0x00000000da000000,0x00000000da500000)
  to   space 8192K, 0% used [0x00000000de900000,0x00000000de900000,0x00000000df100000)
 ParOldGen       total 51200K, used 5252K [0x0000000081c00000, 0x0000000084e00000, 0x00000000d5f00000)
  object space 51200K, 10% used [0x0000000081c00000,0x00000000821213f0,0x0000000084e00000)
 Metaspace       used 20564K, capacity 21126K, committed 21248K, reserved 1067008K
  class space    used 2654K, capacity 2803K, committed 2816K, reserved 1048576K
}
Event: 2.987 GC heap before
{Heap before GC invocations=7 (full 1):
 PSYoungGen      total 71680K, used 66560K [0x00000000d5f00000, 0x00000000df100000, 0x0000000100000000)
  eden space 66560K, 100% used [0x00000000d5f00000,0x00000000da000000,0x00000000da000000)
  from space 5120K, 0% used [0x00000000da000000,0x00000000da000000,0x00000000da500000)
  to   space 8192K, 0% used [0x00000000de900000,0x00000000de900000,0x00000000df100000)
 ParOldGen       total 51200K, used 5252K [0x0000000081c00000, 0x0000000084e00000, 0x00000000d5f00000)
  object space 51200K, 10% used [0x0000000081c00000,0x00000000821213f0,0x0000000084e00000)
 Metaspace       used 25670K, capacity 26488K, committed 26624K, reserved 1073152K
  class space    used 3293K, capacity 3484K, committed 3584K, reserved 1048576K
Event: 2.995 GC heap after
Heap after GC invocations=7 (full 1):
 PSYoungGen      total 118784K, used 6665K [0x00000000d5f00000, 0x00000000df000000, 0x0000000100000000)
  eden space 111616K, 0% used [0x00000000d5f00000,0x00000000d5f00000,0x00000000dcc00000)
  from space 7168K, 92% used [0x00000000de900000,0x00000000def827c8,0x00000000df000000)
  to   space 8704K, 0% used [0x00000000ddf00000,0x00000000ddf00000,0x00000000de780000)
 ParOldGen       total 51200K, used 5325K [0x0000000081c00000, 0x0000000084e00000, 0x00000000d5f00000)
  object space 51200K, 10% used [0x0000000081c00000,0x0000000082133400,0x0000000084e00000)
 Metaspace       used 25670K, capacity 26488K, committed 26624K, reserved 1073152K
  class space    used 3293K, capacity 3484K, committed 3584K, reserved 1048576K
}
Event: 5.015 GC heap before
{Heap before GC invocations=8 (full 1):
 PSYoungGen      total 118784K, used 118281K [0x00000000d5f00000, 0x00000000df000000, 0x0000000100000000)
  eden space 111616K, 100% used [0x00000000d5f00000,0x00000000dcc00000,0x00000000dcc00000)
  from space 7168K, 92% used [0x00000000de900000,0x00000000def827c8,0x00000000df000000)
  to   space 8704K, 0% used [0x00000000ddf00000,0x00000000ddf00000,0x00000000de780000)
 ParOldGen       total 51200K, used 5325K [0x0000000081c00000, 0x0000000084e00000, 0x00000000d5f00000)
  object space 51200K, 10% used [0x0000000081c00000,0x0000000082133400,0x0000000084e00000)
 Metaspace       used 32572K, capacity 33860K, committed 34176K, reserved 1079296K
  class space    used 4135K, capacity 4382K, committed 4480K, reserved 1048576K
Event: 5.034 GC heap after
Heap after GC invocations=8 (full 1):
 PSYoungGen      total 139776K, used 8690K [0x00000000d5f00000, 0x00000000e2a00000, 0x0000000100000000)
  eden space 131072K, 0% used [0x00000000d5f00000,0x00000000d5f00000,0x00000000ddf00000)
  from space 8704K, 99% used [0x00000000ddf00000,0x00000000de77c860,0x00000000de780000)
  to   space 12800K, 0% used [0x00000000e1d80000,0x00000000e1d80000,0x00000000e2a00000)
 ParOldGen       total 51200K, used 11622K [0x0000000081c00000, 0x0000000084e00000, 0x00000000d5f00000)
  object space 51200K, 22% used [0x0000000081c00000,0x0000000082759b90,0x0000000084e00000)
 Metaspace       used 32572K, capacity 33860K, committed 34176K, reserved 1079296K
  class space    used 4135K, capacity 4382K, committed 4480K, reserved 1048576K
}
Event: 5.620 GC heap before
{Heap before GC invocations=9 (full 1):
 PSYoungGen      total 139776K, used 42526K [0x00000000d5f00000, 0x00000000e2a00000, 0x0000000100000000)
  eden space 131072K, 25% used [0x00000000d5f00000,0x00000000d800b0f8,0x00000000ddf00000)
  from space 8704K, 99% used [0x00000000ddf00000,0x00000000de77c860,0x00000000de780000)
  to   space 12800K, 0% used [0x00000000e1d80000,0x00000000e1d80000,0x00000000e2a00000)
 ParOldGen       total 51200K, used 11622K [0x0000000081c00000, 0x0000000084e00000, 0x00000000d5f00000)
  object space 51200K, 22% used [0x0000000081c00000,0x0000000082759b90,0x0000000084e00000)
 Metaspace       used 33924K, capacity 35260K, committed 35416K, reserved 1081344K
  class space    used 4325K, capacity 4588K, committed 4608K, reserved 1048576K
Event: 5.636 GC heap after
Heap after GC invocations=9 (full 1):
 PSYoungGen      total 194048K, used 10797K [0x00000000d5f00000, 0x00000000e4a00000, 0x0000000100000000)
  eden space 181248K, 0% used [0x00000000d5f00000,0x00000000d5f00000,0x00000000e1000000)
  from space 12800K, 84% used [0x00000000e1d80000,0x00000000e280b470,0x00000000e2a00000)
  to   space 13824K, 0% used [0x00000000e1000000,0x00000000e1000000,0x00000000e1d80000)
 ParOldGen       total 51200K, used 11630K [0x0000000081c00000, 0x0000000084e00000, 0x00000000d5f00000)
  object space 51200K, 22% used [0x0000000081c00000,0x000000008275bb90,0x0000000084e00000)
 Metaspace       used 33924K, capacity 35260K, committed 35416K, reserved 1081344K
  class space    used 4325K, capacity 4588K, committed 4608K, reserved 1048576K
}
Event: 5.636 GC heap before
{Heap before GC invocations=10 (full 2):
 PSYoungGen      total 194048K, used 10797K [0x00000000d5f00000, 0x00000000e4a00000, 0x0000000100000000)
  eden space 181248K, 0% used [0x00000000d5f00000,0x00000000d5f00000,0x00000000e1000000)
  from space 12800K, 84% used [0x00000000e1d80000,0x00000000e280b470,0x00000000e2a00000)
  to   space 13824K, 0% used [0x00000000e1000000,0x00000000e1000000,0x00000000e1d80000)
 ParOldGen       total 51200K, used 11630K [0x0000000081c00000, 0x0000000084e00000, 0x00000000d5f00000)
  object space 51200K, 22% used [0x0000000081c00000,0x000000008275bb90,0x0000000084e00000)
 Metaspace       used 33924K, capacity 35260K, committed 35416K, reserved 1081344K
  class space    used 4325K, capacity 4588K, committed 4608K, reserved 1048576K
Event: 5.745 GC heap after
Heap after GC invocations=10 (full 2):
 PSYoungGen      total 194048K, used 0K [0x00000000d5f00000, 0x00000000e4a00000, 0x0000000100000000)
  eden space 181248K, 0% used [0x00000000d5f00000,0x00000000d5f00000,0x00000000e1000000)
  from space 12800K, 0% used [0x00000000e1d80000,0x00000000e1d80000,0x00000000e2a00000)
  to   space 13824K, 0% used [0x00000000e1000000,0x00000000e1000000,0x00000000e1d80000)
 ParOldGen       total 86528K, used 17466K [0x0000000081c00000, 0x0000000087080000, 0x00000000d5f00000)
  object space 86528K, 20% used [0x0000000081c00000,0x0000000082d0e940,0x0000000087080000)
 Metaspace       used 33924K, capacity 35260K, committed 35416K, reserved 1081344K
  class space    used 4325K, capacity 4588K, committed 4608K, reserved 1048576K
}

Deoptimization events (10 events):
Event: 6.069 Thread 0x0000000003566800 Uncommon trap: reason=unstable_if action=reinterpret pc=0x0000000003b8526c method=org.springframework.beans.factory.support.AbstractBeanFactory.isTypeMatch(Ljava/lang/String;Lorg/springframework/core/ResolvableType;)Z @ 415
Event: 6.086 Thread 0x0000000003566800 Uncommon trap: reason=null_check action=make_not_entrant pc=0x000000000378810c method=org.springframework.util.ClassUtils.isAssignable(Ljava/lang/Class;Ljava/lang/Class;)Z @ 14
Event: 6.141 Thread 0x0000000003566800 Uncommon trap: reason=unstable_if action=reinterpret pc=0x0000000003950294 method=org.springframework.asm.Frame.merge(Lorg/springframework/asm/ClassWriter;I[II)Z @ 80
Event: 6.145 Thread 0x0000000003566800 Uncommon trap: reason=range_check action=make_not_entrant pc=0x000000000427e05c method=java.lang.String.charAt(I)C @ 27
Event: 6.153 Thread 0x0000000003566800 Uncommon trap: reason=unstable_if action=reinterpret pc=0x0000000003ffe0fc method=org.springframework.asm.Type.getDescriptor(Ljava/lang/StringBuilder;Ljava/lang/Class;)V @ 39
Event: 6.161 Thread 0x0000000003566800 Uncommon trap: reason=unstable_if action=reinterpret pc=0x00000000041f68e0 method=org.springframework.aop.framework.autoproxy.AbstractAutoProxyCreator.predictBeanType(Ljava/lang/Class;Ljava/lang/String;)Ljava/lang/Class; @ 9
Event: 6.192 Thread 0x0000000003566800 Uncommon trap: reason=unstable_if action=reinterpret pc=0x0000000003aa38c4 method=sun.instrument.TransformerManager.transform(Ljava/lang/ClassLoader;Ljava/lang/String;Ljava/lang/Class;Ljava/security/ProtectionDomain;[B)[B @ 64
Event: 6.261 Thread 0x0000000003566800 Uncommon trap: reason=bimorphic action=maybe_recompile pc=0x0000000003772810 method=java.util.regex.Matcher.match(II)Z @ 86
Event: 6.410 Thread 0x0000000003566800 Uncommon trap: reason=unstable_if action=reinterpret pc=0x0000000004203d00 method=org.springframework.beans.factory.support.AbstractAutowireCapableBeanFactory.predictBeanType(Ljava/lang/String;Lorg/springframework/beans/factory/support/RootBeanDefinition;
Event: 6.553 Thread 0x0000000003566800 Uncommon trap: reason=unstable_if action=reinterpret pc=0x0000000003a9f234 method=java.util.concurrent.ConcurrentHashMap.transfer([Ljava/util/concurrent/ConcurrentHashMap$Node;[Ljava/util/concurrent/ConcurrentHashMap$Node;)V @ 356

Classes redefined (0 events):
No events

Internal exceptions (10 events):
Event: 6.578 Thread 0x0000000003566800 Exception <a 'java/lang/ClassNotFoundException': java/lang/ObjectCustomizer> (0x00000000dace2a20) thrown at [C:\re\workspace\8-2-build-windows-amd64-cygwin\jdk8u202\12323\hotspot\src\share\vm\classfile\systemDictionary.cpp, line 210]
Event: 6.579 Thread 0x0000000003566800 Exception <a 'java/lang/ClassNotFoundException': org/springframework/boot/autoconfigure/jackson/JacksonPropertiesCustomizer> (0x00000000dacfe780) thrown at [C:\re\workspace\8-2-build-windows-amd64-cygwin\jdk8u202\12323\hotspot\src\share\vm\classfile\syste
Event: 6.586 Thread 0x0000000003566800 Exception <a 'java/lang/ClassNotFoundException': java/lang/ObjectCustomizer> (0x00000000dadaaaf0) thrown at [C:\re\workspace\8-2-build-windows-amd64-cygwin\jdk8u202\12323\hotspot\src\share\vm\classfile\systemDictionary.cpp, line 210]
Event: 6.588 Thread 0x0000000003566800 Exception <a 'java/lang/ClassNotFoundException': org/springframework/boot/autoconfigure/jackson/JacksonAutoConfiguration$Jackson2ObjectMapperBuilderCustomizerConfiguration$StandardJackson2ObjectMapperBuilderCustomizerCustomizer> (0x00000000daddd860) throw
Event: 6.589 Thread 0x0000000003566800 Exception <a 'java/lang/ClassNotFoundException': org/springframework/boot/autoconfigure/jackson/Jackson2ObjectMapperBuilderCustomizerCustomizer> (0x00000000dadff590) thrown at [C:\re\workspace\8-2-build-windows-amd64-cygwin\jdk8u202\12323\hotspot\src\shar
Event: 6.589 Thread 0x0000000003566800 Exception <a 'java/lang/ClassNotFoundException': org/springframework/core/OrderedCustomizer> (0x00000000dae11470) thrown at [C:\re\workspace\8-2-build-windows-amd64-cygwin\jdk8u202\12323\hotspot\src\share\vm\classfile\systemDictionary.cpp, line 210]
Event: 6.597 Thread 0x0000000003566800 Exception <a 'java/lang/ClassNotFoundException': java/lang/ObjectCustomizer> (0x00000000dae954e0) thrown at [C:\re\workspace\8-2-build-windows-amd64-cygwin\jdk8u202\12323\hotspot\src\share\vm\classfile\systemDictionary.cpp, line 210]
Event: 6.598 Thread 0x0000000003566800 Exception <a 'java/lang/ClassNotFoundException': org/springframework/boot/autoconfigure/jackson/JacksonAutoConfiguration$ParameterNamesModuleConfigurationCustomizer> (0x00000000daebb6b0) thrown at [C:\re\workspace\8-2-build-windows-amd64-cygwin\jdk8u202\1
Event: 6.599 Thread 0x0000000003566800 Exception <a 'java/lang/ClassNotFoundException': org/springframework/boot/autoconfigure/jackson/JacksonAutoConfiguration$ParameterNamesModuleConfiguration$$EnhancerBySpringCGLIB$$8b0670e7Customizer> (0x00000000daee78c0) thrown at [C:\re\workspace\8-2-buil
Event: 6.600 Thread 0x0000000003566800 Exception <a 'java/lang/ClassNotFoundException': org/springframework/context/annotation/ConfigurationClassEnhancer$EnhancedConfigurationCustomizer> (0x00000000daf0d198) thrown at [C:\re\workspace\8-2-build-windows-amd64-cygwin\jdk8u202\12323\hotspot\src\s

Events (10 events):
Event: 6.610 loading class java/beans/WeakIdentityMap done
Event: 6.610 loading class java/beans/ThreadGroupContext$1 done
Event: 6.610 loading class java/beans/WeakIdentityMap$Entry
Event: 6.610 loading class java/beans/WeakIdentityMap$Entry done
Event: 6.611 loading class com/sun/beans/finder/BeanInfoFinder
Event: 6.611 loading class com/sun/beans/finder/InstanceFinder
Event: 6.611 loading class com/sun/beans/finder/InstanceFinder done
Event: 6.611 loading class com/sun/beans/finder/BeanInfoFinder done
Event: 6.611 loading class com/fasterxml/jackson/module/paramnames/ParameterNamesModuleBeanInfo
Event: 6.611 loading class com/fasterxml/jackson/module/paramnames/ParameterNamesModuleBeanInfo done


Dynamic libraries:
0x00007ff757550000 - 0x00007ff757587000 	C:\Program Files\Java\jdk1.8.0_202\bin\java.exe
0x00007ffe3c6c0000 - 0x00007ffe3c8b0000 	C:\WINDOWS\SYSTEM32\ntdll.dll
0x00007ffe3b4f0000 - 0x00007ffe3b5a2000 	C:\WINDOWS\System32\KERNEL32.DLL
0x00007ffe398a0000 - 0x00007ffe39b43000 	C:\WINDOWS\System32\KERNELBASE.dll
0x00007ffe3b090000 - 0x00007ffe3b133000 	C:\WINDOWS\System32\ADVAPI32.dll
0x00007ffe3c300000 - 0x00007ffe3c39e000 	C:\WINDOWS\System32\msvcrt.dll
0x00007ffe3b5d0000 - 0x00007ffe3b667000 	C:\WINDOWS\System32\sechost.dll
0x00007ffe3c1d0000 - 0x00007ffe3c2f0000 	C:\WINDOWS\System32\RPCRT4.dll
0x00007ffe3c3a0000 - 0x00007ffe3c534000 	C:\WINDOWS\System32\USER32.dll
0x00007ffe3a370000 - 0x00007ffe3a391000 	C:\WINDOWS\System32\win32u.dll
0x00007ffe3aac0000 - 0x00007ffe3aae6000 	C:\WINDOWS\System32\GDI32.dll
0x00007ffe396d0000 - 0x00007ffe39864000 	C:\WINDOWS\System32\gdi32full.dll
0x00007ffe3a2d0000 - 0x00007ffe3a36e000 	C:\WINDOWS\System32\msvcp_win.dll
0x00007ffe3a670000 - 0x00007ffe3a76a000 	C:\WINDOWS\System32\ucrtbase.dll
0x00007ffe30310000 - 0x00007ffe30595000 	C:\WINDOWS\WinSxS\amd64_microsoft.windows.common-controls_6595b64144ccf1df_6.0.18362.720_none_e6beb5c51314836b\COMCTL32.dll
0x00007ffe3a780000 - 0x00007ffe3aab6000 	C:\WINDOWS\System32\combase.dll
0x00007ffe39650000 - 0x00007ffe396d0000 	C:\WINDOWS\System32\bcryptPrimitives.dll
0x00007ffe3b1b0000 - 0x00007ffe3b1de000 	C:\WINDOWS\System32\IMM32.DLL
0x000000005cab0000 - 0x000000005cb82000 	C:\Program Files\Java\jdk1.8.0_202\jre\bin\msvcr100.dll
0x000000005c200000 - 0x000000005caa5000 	C:\Program Files\Java\jdk1.8.0_202\jre\bin\server\jvm.dll
0x00007ffe3c2f0000 - 0x00007ffe3c2f8000 	C:\WINDOWS\System32\PSAPI.DLL
0x00007ffe2ccd0000 - 0x00007ffe2ccd9000 	C:\WINDOWS\SYSTEM32\WSOCK32.dll
0x00007ffe30d80000 - 0x00007ffe30da4000 	C:\WINDOWS\SYSTEM32\WINMM.dll
0x00007ffe30670000 - 0x00007ffe3067a000 	C:\WINDOWS\SYSTEM32\VERSION.dll
0x00007ffe3b140000 - 0x00007ffe3b1af000 	C:\WINDOWS\System32\WS2_32.dll
0x00007ffe30b40000 - 0x00007ffe30b6d000 	C:\WINDOWS\SYSTEM32\WINMMBASE.dll
0x00007ffe3a570000 - 0x00007ffe3a5ba000 	C:\WINDOWS\System32\cfgmgr32.dll
0x00007ffe35240000 - 0x00007ffe3524f000 	C:\Program Files\Java\jdk1.8.0_202\jre\bin\verify.dll
0x00007ffe31800000 - 0x00007ffe31829000 	C:\Program Files\Java\jdk1.8.0_202\jre\bin\java.dll
0x00007ffe2f340000 - 0x00007ffe2f375000 	C:\Program Files\Java\jdk1.8.0_202\jre\bin\jdwp.dll
0x00007ffe340c0000 - 0x00007ffe340c8000 	C:\Program Files\Java\jdk1.8.0_202\jre\bin\npt.dll
0x00007ffe23c70000 - 0x00007ffe23c93000 	C:\Program Files\Java\jdk1.8.0_202\jre\bin\instrument.dll
0x00007ffe31320000 - 0x00007ffe31336000 	C:\Program Files\Java\jdk1.8.0_202\jre\bin\zip.dll
0x00007ffe3bae0000 - 0x00007ffe3c1c5000 	C:\WINDOWS\System32\SHELL32.dll
0x00007ffe3aba0000 - 0x00007ffe3ac49000 	C:\WINDOWS\System32\shcore.dll
0x00007ffe39b50000 - 0x00007ffe3a2d0000 	C:\WINDOWS\System32\windows.storage.dll
0x00007ffe39600000 - 0x00007ffe39623000 	C:\WINDOWS\System32\profapi.dll
0x00007ffe39590000 - 0x00007ffe395da000 	C:\WINDOWS\System32\powrprof.dll
0x00007ffe39580000 - 0x00007ffe39590000 	C:\WINDOWS\System32\UMPDC.dll
0x00007ffe3b030000 - 0x00007ffe3b082000 	C:\WINDOWS\System32\shlwapi.dll
0x00007ffe395e0000 - 0x00007ffe395f1000 	C:\WINDOWS\System32\kernel.appcore.dll
0x00007ffe3a3a0000 - 0x00007ffe3a3b7000 	C:\WINDOWS\System32\cryptsp.dll
0x00007ffe2f530000 - 0x00007ffe2f539000 	C:\Program Files\Java\jdk1.8.0_202\jre\bin\dt_socket.dll
0x00007ffe38df0000 - 0x00007ffe38e57000 	C:\WINDOWS\system32\mswsock.dll
0x00007ffe2f520000 - 0x00007ffe2f52d000 	C:\Program Files\Java\jdk1.8.0_202\jre\bin\management.dll
0x00007ffe2f4b0000 - 0x00007ffe2f4ca000 	C:\Program Files\Java\jdk1.8.0_202\jre\bin\net.dll
0x00007ffe30760000 - 0x00007ffe30935000 	C:\WINDOWS\SYSTEM32\urlmon.dll
0x00007ffe2b6d0000 - 0x00007ffe2b976000 	C:\WINDOWS\SYSTEM32\iertutil.dll
0x00007ffe38fc0000 - 0x00007ffe38fcc000 	C:\WINDOWS\SYSTEM32\CRYPTBASE.DLL
0x00007ffe2b0c0000 - 0x00007ffe2b0d6000 	C:\WINDOWS\system32\napinsp.dll
0x00007ffe2b160000 - 0x00007ffe2b17a000 	C:\WINDOWS\system32\pnrpnsp.dll
0x00007ffe38b40000 - 0x00007ffe38c0a000 	C:\WINDOWS\SYSTEM32\DNSAPI.dll
0x00007ffe3ae60000 - 0x00007ffe3ae68000 	C:\WINDOWS\System32\NSI.dll
0x00007ffe38b00000 - 0x00007ffe38b3a000 	C:\WINDOWS\SYSTEM32\IPHLPAPI.DLL
0x00007ffe2b0b0000 - 0x00007ffe2b0be000 	C:\WINDOWS\System32\winrnr.dll
0x00007ffe33e60000 - 0x00007ffe33e7c000 	C:\WINDOWS\system32\NLAapi.dll
0x00007ffe2afe0000 - 0x00007ffe2aff5000 	C:\WINDOWS\system32\wshbth.dll
0x00007ffe2fed0000 - 0x00007ffe2feda000 	C:\Windows\System32\rasadhlp.dll
0x00007ffe32400000 - 0x00007ffe32477000 	C:\WINDOWS\System32\fwpuclnt.dll
0x00007ffe39870000 - 0x00007ffe39896000 	C:\WINDOWS\System32\bcrypt.dll
0x00007ffe2c910000 - 0x00007ffe2c922000 	C:\Program Files\Java\jdk1.8.0_202\jre\bin\nio.dll
0x00007ffe38900000 - 0x00007ffe38933000 	C:\WINDOWS\system32\rsaenh.dll
0x00007ffe394a0000 - 0x00007ffe394c5000 	C:\WINDOWS\SYSTEM32\USERENV.dll
0x00007ffe32750000 - 0x00007ffe32766000 	C:\WINDOWS\SYSTEM32\dhcpcsvc6.DLL
0x00007ffe32e50000 - 0x00007ffe32e6c000 	C:\WINDOWS\SYSTEM32\dhcpcsvc.DLL

VM Arguments:
jvm_args: -agentlib:jdwp=transport=dt_socket,address=127.0.0.1:61753,suspend=y,server=n -javaagent:C:\Users\dufengyuan\.IdeaIC2019.1\system\captureAgent\debugger-agent.jar -Dfile.encoding=UTF-8 
java_command: com.chat.ChatApplication
java_class_path (initial): C:\Program Files\Java\jdk1.8.0_202\jre\lib\charsets.jar;C:\Program Files\Java\jdk1.8.0_202\jre\lib\deploy.jar;C:\Program Files\Java\jdk1.8.0_202\jre\lib\ext\access-bridge-64.jar;C:\Program Files\Java\jdk1.8.0_202\jre\lib\ext\cldrdata.jar;C:\Program Files\Java\jdk1.8.0_202\jre\lib\ext\dnsns.jar;C:\Program Files\Java\jdk1.8.0_202\jre\lib\ext\jaccess.jar;C:\Program Files\Java\jdk1.8.0_202\jre\lib\ext\jfxrt.jar;C:\Program Files\Java\jdk1.8.0_202\jre\lib\ext\localedata.jar;C:\Program Files\Java\jdk1.8.0_202\jre\lib\ext\nashorn.jar;C:\Program Files\Java\jdk1.8.0_202\jre\lib\ext\sunec.jar;C:\Program Files\Java\jdk1.8.0_202\jre\lib\ext\sunjce_provider.jar;C:\Program Files\Java\jdk1.8.0_202\jre\lib\ext\sunmscapi.jar;C:\Program Files\Java\jdk1.8.0_202\jre\lib\ext\sunpkcs11.jar;C:\Program Files\Java\jdk1.8.0_202\jre\lib\ext\zipfs.jar;C:\Program Files\Java\jdk1.8.0_202\jre\lib\javaws.jar;C:\Program Files\Java\jdk1.8.0_202\jre\lib\jce.jar;C:\Program Files\Java\jdk1.8.0_202\jre\lib\jfr.jar;C:\Program Files\Java\jdk1.8.0_202\jre\lib\jfxswt.jar;C:\Program Files\Java\jdk1.8.0_202\jre\lib\jsse.jar;C:\Program Files\Java\jdk1.8.0_202\jre\lib\management-agent.jar;C:\Program Files\Java\jdk1.8.0_202\jre\lib\plugin.jar;C:\Program Files\Java\jdk1.8.0_202\jre\lib\resources.jar;C:\Program Files\Java\jdk1.8.0_202\jre\lib\rt.jar;D:\example\git-example\wechat\chat-server\chat-app\target\classes;C:\Users\dufengyuan\.m2\repository\com\github\pagehelper\pagehelper-spring-boot-starter\1.2.3\pagehelper-spring-boot-starter-1.2.3.jar;C:\Users\dufengyuan\.m2\repository\org\springframework\boot\spring-boot-starter\2.0.5.RELEASE\spring-boot-starter-2.0.5.RELEASE.jar;C:\Users\dufengyuan\.m2\repository\org\springframework\boot\spring-boot\2.0.5.RELEASE\spring-boot-2.0.5.RELEASE.jar;C:\Users\dufengyuan\.m2\repository\org\springframework\boot\spring-boot-autoconfigure\2.0.5.RELEASE\spring-boot-autoconfigure-2.0.5.RELEASE.jar;C:\Users\dufengyuan\.m2\repository\org\springframework\b
Launcher Type: SUN_STANDARD

Environment Variables:
JAVA_HOME=C:\Program Files\Java\jdk1.8.0_202
CLASSPATH=.;C:\Program Files\Java\jdk1.8.0_202\lib\dt.jar;C:\Program Files\Java\jdk1.8.0_202\lib\tools.jar;
PATH=C:\Program Files (x86)\Common Files\Oracle\Java\javapath;C:\Program Files\Java\jdk1.8.0_202\bin;C:\Program Files\Java\jdk1.8.0_202\jre\bin;C:\WINDOWS\system32;C:\WINDOWS;C:\WINDOWS\System32\Wbem;C:\WINDOWS\System32\WindowsPowerShell\v1.0\;C:\WINDOWS\System32\OpenSSH\;C:\Program Files\MySQL\MySQL Utilities 1.6\;G:\Git\cmd;D:\node\;D:\Microsoft VS Code\bin;D:\example\erl10.6\bin;D:\down\ffmpeg\bin;D:\apache-tomcat-7.0.99-windows-x86\apache-tomcat-7.0.99\lib;D:\apache-tomcat-7.0.99-windows-x86\apache-tomcat-7.0.99\bin;C:\Program Files\MySQL\MySQL Shell 8.0\bin\;C:\Users\dufengyuan\AppData\Roaming\npm;%USERPROFILE%\AppData\Local\Microsoft\WindowsApps;
USERNAME=dufengyuan
OS=Windows_NT
PROCESSOR_IDENTIFIER=Intel64 Family 6 Model 142 Stepping 10, GenuineIntel



---------------  S Y S T E M  ---------------

OS: Windows 10.0 , 64 bit Build 18362 (10.0.18362.329)

CPU:total 8 (initial active 8) (4 cores per cpu, 2 threads per core) family 6 model 142 stepping 10, cmov, cx8, fxsr, mmx, sse, sse2, sse3, ssse3, sse4.1, sse4.2, popcnt, avx, avx2, aes, clmul, erms, 3dnowpref, lzcnt, ht, tsc, tscinvbit, bmi1, bmi2, adx

Memory: 4k page, physical 8269544k(1026404k free), swap 16123108k(5360k free)

vm_info: Java HotSpot(TM) 64-Bit Server VM (25.202-b08) for windows-amd64 JRE (1.8.0_202-b08), built on Dec 15 2018 19:54:30 by "java_re" with MS VC++ 10.0 (VS2010)

time: Fri Apr 03 15:25:57 2020
timezone: 
elapsed time: 6 seconds (0d 0h 0m 6s)

